{"E:\\File\\learning\\Kiyan\\on-going\\MIPS\\GRP\\Hardware\\src\\Assembler\\ArrayList.ts": {"path":"E:\\File\\learning\\Kiyan\\on-going\\MIPS\\GRP\\Hardware\\src\\Assembler\\ArrayList.ts","statementMap":{"0":{"start":{"line":7,"column":4},"end":{"line":7,"column":31}},"1":{"start":{"line":12,"column":4},"end":{"line":12,"column":24}},"2":{"start":{"line":23,"column":8},"end":{"line":30,"column":null}},"3":{"start":{"line":24,"column":12},"end":{"line":26,"column":null}},"4":{"start":{"line":25,"column":16},"end":{"line":25,"column":78}},"5":{"start":{"line":27,"column":12},"end":{"line":27,"column":66}},"6":{"start":{"line":29,"column":12},"end":{"line":29,"column":53}},"7":{"start":{"line":43,"column":8},"end":{"line":52,"column":null}},"8":{"start":{"line":44,"column":12},"end":{"line":44,"column":42}},"9":{"start":{"line":45,"column":12},"end":{"line":45,"column":34}},"10":{"start":{"line":46,"column":12},"end":{"line":46,"column":51}},"11":{"start":{"line":47,"column":12},"end":{"line":47,"column":27}},"12":{"start":{"line":49,"column":12},"end":{"line":49,"column":42}},"13":{"start":{"line":50,"column":12},"end":{"line":50,"column":50}},"14":{"start":{"line":51,"column":12},"end":{"line":51,"column":27}},"15":{"start":{"line":62,"column":8},"end":{"line":62,"column":31}},"16":{"start":{"line":63,"column":8},"end":{"line":63,"column":39}},"17":{"start":{"line":74,"column":8},"end":{"line":74,"column":31}},"18":{"start":{"line":75,"column":8},"end":{"line":75,"column":41}},"19":{"start":{"line":87,"column":8},"end":{"line":102,"column":null}},"20":{"start":{"line":88,"column":12},"end":{"line":88,"column":45}},"21":{"start":{"line":89,"column":12},"end":{"line":89,"column":27}},"22":{"start":{"line":90,"column":12},"end":{"line":90,"column":24}},"23":{"start":{"line":92,"column":25},"end":{"line":92,"column":30}},"24":{"start":{"line":93,"column":12},"end":{"line":97,"column":null}},"25":{"start":{"line":93,"column":25},"end":{"line":93,"column":26}},"26":{"start":{"line":94,"column":16},"end":{"line":96,"column":null}},"27":{"start":{"line":95,"column":20},"end":{"line":95,"column":44}},"28":{"start":{"line":98,"column":12},"end":{"line":100,"column":null}},"29":{"start":{"line":99,"column":16},"end":{"line":99,"column":45}},"30":{"start":{"line":101,"column":12},"end":{"line":101,"column":26}},"31":{"start":{"line":110,"column":8},"end":{"line":112,"column":null}},"32":{"start":{"line":110,"column":21},"end":{"line":110,"column":22}},"33":{"start":{"line":111,"column":12},"end":{"line":111,"column":27}},"34":{"start":{"line":120,"column":8},"end":{"line":120,"column":28}},"35":{"start":{"line":129,"column":8},"end":{"line":131,"column":null}},"36":{"start":{"line":130,"column":12},"end":{"line":130,"column":55}},"37":{"start":{"line":140,"column":8},"end":{"line":144,"column":null}},"38":{"start":{"line":141,"column":38},"end":{"line":141,"column":61}},"39":{"start":{"line":142,"column":38},"end":{"line":142,"column":70}},"40":{"start":{"line":143,"column":12},"end":{"line":143,"column":50}},"41":{"start":{"line":2,"column":0},"end":{"line":2,"column":13}}},"fnMap":{"0":{"name":"(anonymous_0)","decl":{"start":{"line":22,"column":4},"end":{"line":22,"column":16}},"loc":{"start":{"line":22,"column":37},"end":{"line":31,"column":5}}},"1":{"name":"(anonymous_1)","decl":{"start":{"line":42,"column":4},"end":{"line":42,"column":7}},"loc":{"start":{"line":42,"column":30},"end":{"line":53,"column":5}}},"2":{"name":"(anonymous_2)","decl":{"start":{"line":61,"column":4},"end":{"line":61,"column":7}},"loc":{"start":{"line":61,"column":21},"end":{"line":64,"column":5}}},"3":{"name":"(anonymous_3)","decl":{"start":{"line":73,"column":4},"end":{"line":73,"column":10}},"loc":{"start":{"line":73,"column":35},"end":{"line":76,"column":5}}},"4":{"name":"(anonymous_4)","decl":{"start":{"line":86,"column":4},"end":{"line":86,"column":10}},"loc":{"start":{"line":86,"column":27},"end":{"line":103,"column":5}}},"5":{"name":"(anonymous_5)","decl":{"start":{"line":109,"column":4},"end":{"line":109,"column":9}},"loc":{"start":{"line":109,"column":9},"end":{"line":113,"column":5}}},"6":{"name":"(anonymous_6)","decl":{"start":{"line":119,"column":11},"end":{"line":119,"column":15}},"loc":{"start":{"line":119,"column":15},"end":{"line":121,"column":5}}},"7":{"name":"(anonymous_7)","decl":{"start":{"line":128,"column":12},"end":{"line":128,"column":22}},"loc":{"start":{"line":128,"column":36},"end":{"line":132,"column":5}}},"8":{"name":"(anonymous_8)","decl":{"start":{"line":139,"column":11},"end":{"line":139,"column":33}},"loc":{"start":{"line":139,"column":33},"end":{"line":145,"column":5}}}},"branchMap":{"0":{"loc":{"start":{"line":23,"column":8},"end":{"line":30,"column":null}},"type":"if","locations":[{"start":{"line":23,"column":8},"end":{"line":30,"column":null}},{"start":{"line":23,"column":8},"end":{"line":30,"column":null}}]},"1":{"loc":{"start":{"line":24,"column":12},"end":{"line":26,"column":null}},"type":"if","locations":[{"start":{"line":24,"column":12},"end":{"line":26,"column":null}},{"start":{"line":24,"column":12},"end":{"line":26,"column":null}}]},"2":{"loc":{"start":{"line":43,"column":8},"end":{"line":52,"column":null}},"type":"if","locations":[{"start":{"line":43,"column":8},"end":{"line":52,"column":null}},{"start":{"line":43,"column":8},"end":{"line":52,"column":null}}]},"3":{"loc":{"start":{"line":87,"column":8},"end":{"line":102,"column":null}},"type":"if","locations":[{"start":{"line":87,"column":8},"end":{"line":102,"column":null}},{"start":{"line":87,"column":8},"end":{"line":102,"column":null}}]},"4":{"loc":{"start":{"line":94,"column":16},"end":{"line":96,"column":null}},"type":"if","locations":[{"start":{"line":94,"column":16},"end":{"line":96,"column":null}},{"start":{"line":94,"column":16},"end":{"line":96,"column":null}}]},"5":{"loc":{"start":{"line":98,"column":12},"end":{"line":100,"column":null}},"type":"if","locations":[{"start":{"line":98,"column":12},"end":{"line":100,"column":null}},{"start":{"line":98,"column":12},"end":{"line":100,"column":null}}]},"6":{"loc":{"start":{"line":129,"column":8},"end":{"line":131,"column":null}},"type":"if","locations":[{"start":{"line":129,"column":8},"end":{"line":131,"column":null}},{"start":{"line":129,"column":8},"end":{"line":131,"column":null}}]},"7":{"loc":{"start":{"line":129,"column":12},"end":{"line":129,"column":33}},"type":"binary-expr","locations":[{"start":{"line":129,"column":12},"end":{"line":129,"column":33}},{"start":{"line":129,"column":37},"end":{"line":129,"column":46}}]},"8":{"loc":{"start":{"line":140,"column":8},"end":{"line":144,"column":null}},"type":"if","locations":[{"start":{"line":140,"column":8},"end":{"line":144,"column":null}},{"start":{"line":140,"column":8},"end":{"line":144,"column":null}}]}},"s":{"0":4,"1":4,"2":4,"3":4,"4":0,"5":4,"6":0,"7":0,"8":0,"9":0,"10":0,"11":0,"12":0,"13":0,"14":0,"15":0,"16":0,"17":0,"18":0,"19":0,"20":0,"21":0,"22":0,"23":0,"24":0,"25":0,"26":0,"27":0,"28":0,"29":0,"30":0,"31":0,"32":0,"33":0,"34":0,"35":0,"36":0,"37":0,"38":0,"39":0,"40":0,"41":1},"f":{"0":4,"1":0,"2":0,"3":0,"4":0,"5":0,"6":0,"7":0,"8":0},"b":{"0":[4,0],"1":[0,4],"2":[0,0],"3":[0,0],"4":[0,0],"5":[0,0],"6":[0,0],"7":[0,0],"8":[0,0]}}
,"E:\\File\\learning\\Kiyan\\on-going\\MIPS\\GRP\\Hardware\\src\\Assembler\\Assembler.ts": {"path":"E:\\File\\learning\\Kiyan\\on-going\\MIPS\\GRP\\Hardware\\src\\Assembler\\Assembler.ts","statementMap":{"0":{"start":{"line":1,"column":0},"end":{"line":1,"column":44}},"1":{"start":{"line":2,"column":0},"end":{"line":2,"column":44}},"2":{"start":{"line":3,"column":0},"end":{"line":3,"column":44}},"3":{"start":{"line":4,"column":0},"end":{"line":4,"column":50}},"4":{"start":{"line":5,"column":0},"end":{"line":5,"column":48}},"5":{"start":{"line":6,"column":0},"end":{"line":6,"column":40}},"6":{"start":{"line":7,"column":0},"end":{"line":7,"column":40}},"7":{"start":{"line":8,"column":0},"end":{"line":8,"column":52}},"8":{"start":{"line":9,"column":0},"end":{"line":9,"column":52}},"9":{"start":{"line":28,"column":12},"end":{"line":28,"column":64}},"10":{"start":{"line":32,"column":12},"end":{"line":32,"column":64}},"11":{"start":{"line":36,"column":12},"end":{"line":36,"column":64}},"12":{"start":{"line":40,"column":12},"end":{"line":40,"column":40}},"13":{"start":{"line":44,"column":12},"end":{"line":44,"column":64}},"14":{"start":{"line":48,"column":12},"end":{"line":48,"column":71}},"15":{"start":{"line":52,"column":12},"end":{"line":52,"column":42}},"16":{"start":{"line":56,"column":12},"end":{"line":56,"column":65}},"17":{"start":{"line":60,"column":12},"end":{"line":60,"column":63}},"18":{"start":{"line":64,"column":12},"end":{"line":64,"column":61}},"19":{"start":{"line":68,"column":12},"end":{"line":68,"column":56}},"20":{"start":{"line":72,"column":12},"end":{"line":72,"column":57}},"21":{"start":{"line":76,"column":12},"end":{"line":76,"column":56}},"22":{"start":{"line":80,"column":12},"end":{"line":80,"column":32}},"23":{"start":{"line":92,"column":8},"end":{"line":92,"column":30}},"24":{"start":{"line":100,"column":8},"end":{"line":100,"column":27}},"25":{"start":{"line":108,"column":8},"end":{"line":108,"column":31}},"26":{"start":{"line":116,"column":8},"end":{"line":116,"column":36}},"27":{"start":{"line":124,"column":8},"end":{"line":124,"column":32}},"28":{"start":{"line":132,"column":8},"end":{"line":132,"column":31}},"29":{"start":{"line":140,"column":8},"end":{"line":140,"column":32}},"30":{"start":{"line":148,"column":8},"end":{"line":148,"column":30}},"31":{"start":{"line":156,"column":8},"end":{"line":156,"column":26}},"32":{"start":{"line":164,"column":8},"end":{"line":164,"column":25}},"33":{"start":{"line":172,"column":8},"end":{"line":172,"column":24}},"34":{"start":{"line":180,"column":8},"end":{"line":180,"column":28}},"35":{"start":{"line":189,"column":8},"end":{"line":189,"column":41}},"36":{"start":{"line":192,"column":8},"end":{"line":198,"column":null}},"37":{"start":{"line":193,"column":12},"end":{"line":193,"column":53}},"38":{"start":{"line":194,"column":12},"end":{"line":197,"column":null}},"39":{"start":{"line":195,"column":32},"end":{"line":195,"column":59}},"40":{"start":{"line":196,"column":16},"end":{"line":196,"column":74}},"41":{"start":{"line":211,"column":37},"end":{"line":211,"column":56}},"42":{"start":{"line":212,"column":8},"end":{"line":219,"column":null}},"43":{"start":{"line":213,"column":12},"end":{"line":215,"column":null}},"44":{"start":{"line":214,"column":16},"end":{"line":214,"column":32}},"45":{"start":{"line":216,"column":12},"end":{"line":218,"column":null}},"46":{"start":{"line":217,"column":16},"end":{"line":217,"column":37}},"47":{"start":{"line":221,"column":8},"end":{"line":278,"column":null}},"48":{"start":{"line":222,"column":12},"end":{"line":224,"column":null}},"49":{"start":{"line":223,"column":16},"end":{"line":223,"column":54}},"50":{"start":{"line":226,"column":12},"end":{"line":277,"column":null}},"51":{"start":{"line":227,"column":16},"end":{"line":276,"column":null}},"52":{"start":{"line":228,"column":20},"end":{"line":232,"column":null}},"53":{"start":{"line":229,"column":24},"end":{"line":231,"column":null}},"54":{"start":{"line":230,"column":28},"end":{"line":230,"column":66}},"55":{"start":{"line":233,"column":20},"end":{"line":253,"column":null}},"56":{"start":{"line":234,"column":24},"end":{"line":242,"column":null}},"57":{"start":{"line":235,"column":28},"end":{"line":237,"column":null}},"58":{"start":{"line":236,"column":32},"end":{"line":236,"column":63}},"59":{"start":{"line":239,"column":28},"end":{"line":241,"column":null}},"60":{"start":{"line":240,"column":32},"end":{"line":240,"column":70}},"61":{"start":{"line":244,"column":24},"end":{"line":252,"column":null}},"62":{"start":{"line":245,"column":28},"end":{"line":247,"column":null}},"63":{"start":{"line":246,"column":32},"end":{"line":246,"column":63}},"64":{"start":{"line":249,"column":28},"end":{"line":251,"column":null}},"65":{"start":{"line":250,"column":32},"end":{"line":250,"column":70}},"66":{"start":{"line":255,"column":20},"end":{"line":275,"column":null}},"67":{"start":{"line":256,"column":24},"end":{"line":264,"column":null}},"68":{"start":{"line":257,"column":28},"end":{"line":259,"column":null}},"69":{"start":{"line":258,"column":32},"end":{"line":258,"column":63}},"70":{"start":{"line":261,"column":28},"end":{"line":263,"column":null}},"71":{"start":{"line":262,"column":32},"end":{"line":262,"column":70}},"72":{"start":{"line":266,"column":24},"end":{"line":274,"column":null}},"73":{"start":{"line":267,"column":28},"end":{"line":269,"column":null}},"74":{"start":{"line":268,"column":32},"end":{"line":268,"column":63}},"75":{"start":{"line":271,"column":28},"end":{"line":273,"column":null}},"76":{"start":{"line":272,"column":32},"end":{"line":272,"column":70}},"77":{"start":{"line":280,"column":8},"end":{"line":284,"column":null}},"78":{"start":{"line":281,"column":12},"end":{"line":283,"column":null}},"79":{"start":{"line":282,"column":16},"end":{"line":282,"column":43}},"80":{"start":{"line":286,"column":8},"end":{"line":288,"column":null}},"81":{"start":{"line":287,"column":12},"end":{"line":287,"column":67}},"82":{"start":{"line":299,"column":30},"end":{"line":299,"column":34}},"83":{"start":{"line":301,"column":24},"end":{"line":301,"column":42}},"84":{"start":{"line":302,"column":25},"end":{"line":302,"column":32}},"85":{"start":{"line":305,"column":8},"end":{"line":316,"column":null}},"86":{"start":{"line":306,"column":12},"end":{"line":306,"column":56}},"87":{"start":{"line":307,"column":12},"end":{"line":315,"column":null}},"88":{"start":{"line":308,"column":16},"end":{"line":308,"column":74}},"89":{"start":{"line":309,"column":16},"end":{"line":314,"column":null}},"90":{"start":{"line":310,"column":20},"end":{"line":310,"column":107}},"91":{"start":{"line":311,"column":20},"end":{"line":311,"column":33}},"92":{"start":{"line":312,"column":23},"end":{"line":314,"column":null}},"93":{"start":{"line":313,"column":20},"end":{"line":313,"column":139}},"94":{"start":{"line":317,"column":8},"end":{"line":317,"column":22}},"95":{"start":{"line":328,"column":30},"end":{"line":328,"column":34}},"96":{"start":{"line":332,"column":19},"end":{"line":332,"column":27}},"97":{"start":{"line":333,"column":24},"end":{"line":333,"column":42}},"98":{"start":{"line":334,"column":25},"end":{"line":334,"column":32}},"99":{"start":{"line":335,"column":44},"end":{"line":335,"column":67}},"100":{"start":{"line":337,"column":8},"end":{"line":411,"column":null}},"101":{"start":{"line":338,"column":12},"end":{"line":338,"column":66}},"102":{"start":{"line":339,"column":12},"end":{"line":410,"column":null}},"103":{"start":{"line":340,"column":16},"end":{"line":340,"column":77}},"104":{"start":{"line":341,"column":16},"end":{"line":344,"column":null}},"105":{"start":{"line":342,"column":20},"end":{"line":342,"column":106}},"106":{"start":{"line":343,"column":20},"end":{"line":343,"column":33}},"107":{"start":{"line":345,"column":16},"end":{"line":369,"column":null}},"108":{"start":{"line":346,"column":20},"end":{"line":366,"column":null}},"109":{"start":{"line":347,"column":24},"end":{"line":347,"column":52}},"110":{"start":{"line":348,"column":24},"end":{"line":348,"column":36}},"111":{"start":{"line":349,"column":27},"end":{"line":366,"column":null}},"112":{"start":{"line":350,"column":24},"end":{"line":350,"column":52}},"113":{"start":{"line":351,"column":24},"end":{"line":351,"column":33}},"114":{"start":{"line":353,"column":24},"end":{"line":365,"column":null}},"115":{"start":{"line":354,"column":28},"end":{"line":360,"column":null}},"116":{"start":{"line":355,"column":32},"end":{"line":359,"column":null}},"117":{"start":{"line":356,"column":36},"end":{"line":356,"column":139}},"118":{"start":{"line":357,"column":36},"end":{"line":357,"column":46}},"119":{"start":{"line":358,"column":36},"end":{"line":358,"column":45}},"120":{"start":{"line":362,"column":28},"end":{"line":362,"column":91}},"121":{"start":{"line":363,"column":28},"end":{"line":363,"column":32}},"122":{"start":{"line":364,"column":28},"end":{"line":364,"column":37}},"123":{"start":{"line":368,"column":20},"end":{"line":368,"column":139}},"124":{"start":{"line":371,"column":16},"end":{"line":409,"column":null}},"125":{"start":{"line":372,"column":20},"end":{"line":380,"column":null}},"126":{"start":{"line":373,"column":24},"end":{"line":373,"column":36}},"127":{"start":{"line":374,"column":27},"end":{"line":380,"column":null}},"128":{"start":{"line":375,"column":24},"end":{"line":375,"column":122}},"129":{"start":{"line":376,"column":24},"end":{"line":376,"column":28}},"130":{"start":{"line":377,"column":24},"end":{"line":377,"column":33}},"131":{"start":{"line":379,"column":24},"end":{"line":379,"column":33}},"132":{"start":{"line":381,"column":23},"end":{"line":409,"column":null}},"133":{"start":{"line":382,"column":20},"end":{"line":390,"column":null}},"134":{"start":{"line":383,"column":24},"end":{"line":383,"column":36}},"135":{"start":{"line":384,"column":27},"end":{"line":390,"column":null}},"136":{"start":{"line":385,"column":24},"end":{"line":385,"column":90}},"137":{"start":{"line":386,"column":24},"end":{"line":386,"column":28}},"138":{"start":{"line":387,"column":24},"end":{"line":387,"column":33}},"139":{"start":{"line":389,"column":24},"end":{"line":389,"column":33}},"140":{"start":{"line":391,"column":23},"end":{"line":409,"column":null}},"141":{"start":{"line":392,"column":20},"end":{"line":400,"column":null}},"142":{"start":{"line":393,"column":24},"end":{"line":393,"column":36}},"143":{"start":{"line":394,"column":27},"end":{"line":400,"column":null}},"144":{"start":{"line":395,"column":24},"end":{"line":395,"column":90}},"145":{"start":{"line":396,"column":24},"end":{"line":396,"column":28}},"146":{"start":{"line":397,"column":24},"end":{"line":397,"column":33}},"147":{"start":{"line":399,"column":24},"end":{"line":399,"column":33}},"148":{"start":{"line":402,"column":20},"end":{"line":402,"column":74}},"149":{"start":{"line":403,"column":20},"end":{"line":408,"column":null}},"150":{"start":{"line":404,"column":24},"end":{"line":404,"column":75}},"151":{"start":{"line":406,"column":24},"end":{"line":406,"column":116}},"152":{"start":{"line":407,"column":24},"end":{"line":407,"column":37}},"153":{"start":{"line":413,"column":8},"end":{"line":415,"column":null}},"154":{"start":{"line":414,"column":12},"end":{"line":414,"column":62}},"155":{"start":{"line":416,"column":33},"end":{"line":416,"column":49}},"156":{"start":{"line":417,"column":8},"end":{"line":421,"column":null}},"157":{"start":{"line":418,"column":12},"end":{"line":420,"column":null}},"158":{"start":{"line":419,"column":16},"end":{"line":419,"column":36}},"159":{"start":{"line":422,"column":8},"end":{"line":422,"column":22}},"160":{"start":{"line":434,"column":30},"end":{"line":434,"column":34}},"161":{"start":{"line":438,"column":30},"end":{"line":438,"column":41}},"162":{"start":{"line":441,"column":19},"end":{"line":441,"column":34}},"163":{"start":{"line":442,"column":8},"end":{"line":635,"column":null}},"164":{"start":{"line":443,"column":30},"end":{"line":443,"column":57}},"165":{"start":{"line":444,"column":37},"end":{"line":444,"column":53}},"166":{"start":{"line":445,"column":12},"end":{"line":633,"column":null}},"167":{"start":{"line":446,"column":16},"end":{"line":446,"column":60}},"168":{"start":{"line":447,"column":16},"end":{"line":447,"column":57}},"169":{"start":{"line":448,"column":36},"end":{"line":448,"column":77}},"170":{"start":{"line":449,"column":16},"end":{"line":449,"column":56}},"171":{"start":{"line":450,"column":16},"end":{"line":450,"column":65}},"172":{"start":{"line":451,"column":16},"end":{"line":540,"column":null}},"173":{"start":{"line":452,"column":20},"end":{"line":493,"column":null}},"174":{"start":{"line":453,"column":40},"end":{"line":453,"column":105}},"175":{"start":{"line":454,"column":24},"end":{"line":470,"column":null}},"176":{"start":{"line":455,"column":28},"end":{"line":469,"column":null}},"177":{"start":{"line":456,"column":32},"end":{"line":456,"column":122}},"178":{"start":{"line":457,"column":32},"end":{"line":457,"column":45}},"179":{"start":{"line":458,"column":35},"end":{"line":469,"column":null}},"180":{"start":{"line":459,"column":32},"end":{"line":459,"column":128}},"181":{"start":{"line":460,"column":32},"end":{"line":460,"column":45}},"182":{"start":{"line":462,"column":32},"end":{"line":467,"column":null}},"183":{"start":{"line":463,"column":36},"end":{"line":463,"column":80}},"184":{"start":{"line":465,"column":36},"end":{"line":465,"column":82}},"185":{"start":{"line":466,"column":36},"end":{"line":466,"column":80}},"186":{"start":{"line":468,"column":32},"end":{"line":468,"column":67}},"187":{"start":{"line":472,"column":24},"end":{"line":474,"column":null}},"188":{"start":{"line":473,"column":28},"end":{"line":473,"column":37}},"189":{"start":{"line":475,"column":24},"end":{"line":492,"column":null}},"190":{"start":{"line":476,"column":28},"end":{"line":476,"column":118}},"191":{"start":{"line":477,"column":28},"end":{"line":477,"column":41}},"192":{"start":{"line":479,"column":53},"end":{"line":479,"column":98}},"193":{"start":{"line":480,"column":28},"end":{"line":491,"column":null}},"194":{"start":{"line":481,"column":32},"end":{"line":481,"column":128}},"195":{"start":{"line":482,"column":32},"end":{"line":482,"column":45}},"196":{"start":{"line":484,"column":32},"end":{"line":489,"column":null}},"197":{"start":{"line":485,"column":36},"end":{"line":485,"column":77}},"198":{"start":{"line":487,"column":36},"end":{"line":487,"column":82}},"199":{"start":{"line":488,"column":36},"end":{"line":488,"column":77}},"200":{"start":{"line":490,"column":32},"end":{"line":490,"column":67}},"201":{"start":{"line":494,"column":23},"end":{"line":540,"column":null}},"202":{"start":{"line":495,"column":20},"end":{"line":526,"column":null}},"203":{"start":{"line":496,"column":40},"end":{"line":496,"column":105}},"204":{"start":{"line":497,"column":24},"end":{"line":508,"column":null}},"205":{"start":{"line":498,"column":28},"end":{"line":507,"column":null}},"206":{"start":{"line":499,"column":32},"end":{"line":499,"column":122}},"207":{"start":{"line":500,"column":32},"end":{"line":500,"column":45}},"208":{"start":{"line":501,"column":35},"end":{"line":507,"column":null}},"209":{"start":{"line":502,"column":32},"end":{"line":502,"column":128}},"210":{"start":{"line":503,"column":32},"end":{"line":503,"column":45}},"211":{"start":{"line":505,"column":32},"end":{"line":505,"column":76}},"212":{"start":{"line":506,"column":32},"end":{"line":506,"column":67}},"213":{"start":{"line":510,"column":24},"end":{"line":512,"column":null}},"214":{"start":{"line":511,"column":28},"end":{"line":511,"column":37}},"215":{"start":{"line":513,"column":24},"end":{"line":525,"column":null}},"216":{"start":{"line":514,"column":28},"end":{"line":514,"column":118}},"217":{"start":{"line":515,"column":28},"end":{"line":515,"column":41}},"218":{"start":{"line":517,"column":53},"end":{"line":517,"column":108}},"219":{"start":{"line":518,"column":28},"end":{"line":524,"column":null}},"220":{"start":{"line":519,"column":32},"end":{"line":519,"column":128}},"221":{"start":{"line":520,"column":32},"end":{"line":520,"column":45}},"222":{"start":{"line":522,"column":32},"end":{"line":522,"column":73}},"223":{"start":{"line":523,"column":32},"end":{"line":523,"column":67}},"224":{"start":{"line":527,"column":23},"end":{"line":540,"column":null}},"225":{"start":{"line":528,"column":20},"end":{"line":539,"column":null}},"226":{"start":{"line":529,"column":24},"end":{"line":529,"column":111}},"227":{"start":{"line":530,"column":24},"end":{"line":530,"column":37}},"228":{"start":{"line":532,"column":24},"end":{"line":538,"column":null}},"229":{"start":{"line":533,"column":28},"end":{"line":533,"column":125}},"230":{"start":{"line":534,"column":28},"end":{"line":534,"column":124}},"231":{"start":{"line":536,"column":28},"end":{"line":536,"column":132}},"232":{"start":{"line":537,"column":28},"end":{"line":537,"column":128}},"233":{"start":{"line":542,"column":16},"end":{"line":542,"column":46}},"234":{"start":{"line":543,"column":16},"end":{"line":543,"column":55}},"235":{"start":{"line":544,"column":16},"end":{"line":632,"column":null}},"236":{"start":{"line":545,"column":20},"end":{"line":586,"column":null}},"237":{"start":{"line":546,"column":40},"end":{"line":546,"column":95}},"238":{"start":{"line":547,"column":24},"end":{"line":563,"column":null}},"239":{"start":{"line":548,"column":28},"end":{"line":562,"column":null}},"240":{"start":{"line":549,"column":32},"end":{"line":549,"column":122}},"241":{"start":{"line":550,"column":32},"end":{"line":550,"column":45}},"242":{"start":{"line":551,"column":35},"end":{"line":562,"column":null}},"243":{"start":{"line":552,"column":32},"end":{"line":552,"column":128}},"244":{"start":{"line":553,"column":32},"end":{"line":553,"column":45}},"245":{"start":{"line":555,"column":32},"end":{"line":560,"column":null}},"246":{"start":{"line":556,"column":36},"end":{"line":556,"column":80}},"247":{"start":{"line":558,"column":36},"end":{"line":558,"column":82}},"248":{"start":{"line":559,"column":36},"end":{"line":559,"column":80}},"249":{"start":{"line":561,"column":32},"end":{"line":561,"column":67}},"250":{"start":{"line":565,"column":24},"end":{"line":567,"column":null}},"251":{"start":{"line":566,"column":28},"end":{"line":566,"column":37}},"252":{"start":{"line":568,"column":24},"end":{"line":585,"column":null}},"253":{"start":{"line":569,"column":28},"end":{"line":569,"column":118}},"254":{"start":{"line":570,"column":28},"end":{"line":570,"column":41}},"255":{"start":{"line":572,"column":53},"end":{"line":572,"column":98}},"256":{"start":{"line":573,"column":28},"end":{"line":584,"column":null}},"257":{"start":{"line":574,"column":32},"end":{"line":574,"column":128}},"258":{"start":{"line":575,"column":32},"end":{"line":575,"column":45}},"259":{"start":{"line":577,"column":32},"end":{"line":582,"column":null}},"260":{"start":{"line":578,"column":36},"end":{"line":578,"column":77}},"261":{"start":{"line":580,"column":36},"end":{"line":580,"column":82}},"262":{"start":{"line":581,"column":36},"end":{"line":581,"column":77}},"263":{"start":{"line":583,"column":32},"end":{"line":583,"column":67}},"264":{"start":{"line":587,"column":23},"end":{"line":632,"column":null}},"265":{"start":{"line":588,"column":20},"end":{"line":619,"column":null}},"266":{"start":{"line":589,"column":40},"end":{"line":589,"column":95}},"267":{"start":{"line":590,"column":24},"end":{"line":601,"column":null}},"268":{"start":{"line":591,"column":28},"end":{"line":600,"column":null}},"269":{"start":{"line":592,"column":32},"end":{"line":592,"column":122}},"270":{"start":{"line":593,"column":32},"end":{"line":593,"column":45}},"271":{"start":{"line":594,"column":35},"end":{"line":600,"column":null}},"272":{"start":{"line":595,"column":32},"end":{"line":595,"column":128}},"273":{"start":{"line":596,"column":32},"end":{"line":596,"column":45}},"274":{"start":{"line":598,"column":32},"end":{"line":598,"column":76}},"275":{"start":{"line":599,"column":32},"end":{"line":599,"column":67}},"276":{"start":{"line":603,"column":24},"end":{"line":605,"column":null}},"277":{"start":{"line":604,"column":28},"end":{"line":604,"column":37}},"278":{"start":{"line":606,"column":24},"end":{"line":618,"column":null}},"279":{"start":{"line":607,"column":28},"end":{"line":607,"column":118}},"280":{"start":{"line":608,"column":28},"end":{"line":608,"column":41}},"281":{"start":{"line":610,"column":53},"end":{"line":610,"column":98}},"282":{"start":{"line":611,"column":28},"end":{"line":617,"column":null}},"283":{"start":{"line":612,"column":32},"end":{"line":612,"column":128}},"284":{"start":{"line":613,"column":32},"end":{"line":613,"column":45}},"285":{"start":{"line":615,"column":32},"end":{"line":615,"column":73}},"286":{"start":{"line":616,"column":32},"end":{"line":616,"column":67}},"287":{"start":{"line":620,"column":23},"end":{"line":632,"column":null}},"288":{"start":{"line":621,"column":20},"end":{"line":631,"column":null}},"289":{"start":{"line":622,"column":24},"end":{"line":622,"column":111}},"290":{"start":{"line":623,"column":24},"end":{"line":623,"column":37}},"291":{"start":{"line":625,"column":24},"end":{"line":625,"column":101}},"292":{"start":{"line":626,"column":24},"end":{"line":630,"column":null}},"293":{"start":{"line":627,"column":28},"end":{"line":627,"column":114}},"294":{"start":{"line":629,"column":28},"end":{"line":629,"column":118}},"295":{"start":{"line":636,"column":8},"end":{"line":636,"column":22}},"296":{"start":{"line":644,"column":30},"end":{"line":644,"column":34}},"297":{"start":{"line":647,"column":50},"end":{"line":647,"column":59}},"298":{"start":{"line":648,"column":8},"end":{"line":661,"column":null}},"299":{"start":{"line":649,"column":12},"end":{"line":649,"column":54}},"300":{"start":{"line":650,"column":12},"end":{"line":660,"column":null}},"301":{"start":{"line":651,"column":28},"end":{"line":651,"column":68}},"302":{"start":{"line":652,"column":16},"end":{"line":657,"column":null}},"303":{"start":{"line":653,"column":20},"end":{"line":653,"column":117}},"304":{"start":{"line":654,"column":20},"end":{"line":654,"column":33}},"305":{"start":{"line":656,"column":20},"end":{"line":656,"column":50}},"306":{"start":{"line":659,"column":16},"end":{"line":659,"column":25}},"307":{"start":{"line":662,"column":8},"end":{"line":662,"column":22}},"308":{"start":{"line":671,"column":30},"end":{"line":671,"column":34}},"309":{"start":{"line":674,"column":34},"end":{"line":674,"column":36}},"310":{"start":{"line":675,"column":8},"end":{"line":781,"column":null}},"311":{"start":{"line":676,"column":12},"end":{"line":679,"column":null}},"312":{"start":{"line":677,"column":16},"end":{"line":677,"column":45}},"313":{"start":{"line":678,"column":16},"end":{"line":678,"column":25}},"314":{"start":{"line":680,"column":12},"end":{"line":680,"column":56}},"315":{"start":{"line":681,"column":12},"end":{"line":681,"column":66}},"316":{"start":{"line":682,"column":12},"end":{"line":780,"column":null}},"317":{"start":{"line":683,"column":59},"end":{"line":683,"column":96}},"318":{"start":{"line":684,"column":37},"end":{"line":684,"column":76}},"319":{"start":{"line":685,"column":16},"end":{"line":774,"column":null}},"320":{"start":{"line":686,"column":20},"end":{"line":686,"column":113}},"321":{"start":{"line":687,"column":20},"end":{"line":687,"column":33}},"322":{"start":{"line":688,"column":23},"end":{"line":774,"column":null}},"323":{"start":{"line":689,"column":51},"end":{"line":689,"column":87}},"324":{"start":{"line":690,"column":20},"end":{"line":770,"column":null}},"325":{"start":{"line":691,"column":24},"end":{"line":691,"column":117}},"326":{"start":{"line":692,"column":24},"end":{"line":692,"column":37}},"327":{"start":{"line":693,"column":27},"end":{"line":770,"column":null}},"328":{"start":{"line":694,"column":43},"end":{"line":694,"column":45}},"329":{"start":{"line":695,"column":43},"end":{"line":695,"column":45}},"330":{"start":{"line":696,"column":43},"end":{"line":696,"column":45}},"331":{"start":{"line":698,"column":47},"end":{"line":698,"column":49}},"332":{"start":{"line":699,"column":47},"end":{"line":699,"column":49}},"333":{"start":{"line":700,"column":47},"end":{"line":700,"column":49}},"334":{"start":{"line":702,"column":24},"end":{"line":702,"column":90}},"335":{"start":{"line":704,"column":24},"end":{"line":706,"column":null}},"336":{"start":{"line":705,"column":28},"end":{"line":705,"column":51}},"337":{"start":{"line":707,"column":24},"end":{"line":709,"column":null}},"338":{"start":{"line":708,"column":28},"end":{"line":708,"column":51}},"339":{"start":{"line":710,"column":24},"end":{"line":712,"column":null}},"340":{"start":{"line":711,"column":28},"end":{"line":711,"column":51}},"341":{"start":{"line":714,"column":24},"end":{"line":757,"column":null}},"342":{"start":{"line":715,"column":28},"end":{"line":715,"column":64}},"343":{"start":{"line":716,"column":28},"end":{"line":716,"column":73}},"344":{"start":{"line":717,"column":28},"end":{"line":717,"column":79}},"345":{"start":{"line":718,"column":31},"end":{"line":757,"column":null}},"346":{"start":{"line":719,"column":28},"end":{"line":719,"column":73}},"347":{"start":{"line":720,"column":28},"end":{"line":720,"column":59}},"348":{"start":{"line":721,"column":31},"end":{"line":757,"column":null}},"349":{"start":{"line":722,"column":28},"end":{"line":722,"column":73}},"350":{"start":{"line":723,"column":28},"end":{"line":723,"column":59}},"351":{"start":{"line":724,"column":31},"end":{"line":757,"column":null}},"352":{"start":{"line":725,"column":28},"end":{"line":725,"column":73}},"353":{"start":{"line":726,"column":28},"end":{"line":726,"column":59}},"354":{"start":{"line":727,"column":31},"end":{"line":757,"column":null}},"355":{"start":{"line":728,"column":28},"end":{"line":728,"column":73}},"356":{"start":{"line":729,"column":31},"end":{"line":757,"column":null}},"357":{"start":{"line":730,"column":28},"end":{"line":730,"column":74}},"358":{"start":{"line":731,"column":31},"end":{"line":757,"column":null}},"359":{"start":{"line":732,"column":28},"end":{"line":732,"column":78}},"360":{"start":{"line":733,"column":31},"end":{"line":757,"column":null}},"361":{"start":{"line":734,"column":28},"end":{"line":734,"column":73}},"362":{"start":{"line":735,"column":28},"end":{"line":735,"column":59}},"363":{"start":{"line":736,"column":31},"end":{"line":757,"column":null}},"364":{"start":{"line":737,"column":28},"end":{"line":737,"column":75}},"365":{"start":{"line":738,"column":31},"end":{"line":757,"column":null}},"366":{"start":{"line":739,"column":28},"end":{"line":748,"column":null}},"367":{"start":{"line":740,"column":54},"end":{"line":740,"column":117}},"368":{"start":{"line":741,"column":50},"end":{"line":741,"column":91}},"369":{"start":{"line":742,"column":49},"end":{"line":742,"column":87}},"370":{"start":{"line":743,"column":32},"end":{"line":743,"column":63}},"371":{"start":{"line":744,"column":32},"end":{"line":744,"column":79}},"372":{"start":{"line":746,"column":32},"end":{"line":746,"column":125}},"373":{"start":{"line":747,"column":32},"end":{"line":747,"column":45}},"374":{"start":{"line":749,"column":31},"end":{"line":757,"column":null}},"375":{"start":{"line":750,"column":28},"end":{"line":750,"column":74}},"376":{"start":{"line":751,"column":31},"end":{"line":757,"column":null}},"377":{"start":{"line":752,"column":28},"end":{"line":752,"column":87}},"378":{"start":{"line":753,"column":28},"end":{"line":753,"column":49}},"379":{"start":{"line":754,"column":28},"end":{"line":754,"column":74}},"380":{"start":{"line":755,"column":31},"end":{"line":757,"column":null}},"381":{"start":{"line":756,"column":28},"end":{"line":756,"column":86}},"382":{"start":{"line":759,"column":24},"end":{"line":761,"column":null}},"383":{"start":{"line":760,"column":28},"end":{"line":760,"column":44}},"384":{"start":{"line":762,"column":24},"end":{"line":764,"column":null}},"385":{"start":{"line":763,"column":28},"end":{"line":763,"column":44}},"386":{"start":{"line":765,"column":24},"end":{"line":767,"column":null}},"387":{"start":{"line":766,"column":28},"end":{"line":766,"column":44}},"388":{"start":{"line":769,"column":24},"end":{"line":769,"column":53}},"389":{"start":{"line":772,"column":20},"end":{"line":772,"column":135}},"390":{"start":{"line":773,"column":20},"end":{"line":773,"column":33}},"391":{"start":{"line":775,"column":19},"end":{"line":780,"column":null}},"392":{"start":{"line":776,"column":16},"end":{"line":776,"column":45}},"393":{"start":{"line":778,"column":16},"end":{"line":778,"column":114}},"394":{"start":{"line":779,"column":16},"end":{"line":779,"column":29}},"395":{"start":{"line":782,"column":8},"end":{"line":782,"column":30}},"396":{"start":{"line":783,"column":8},"end":{"line":783,"column":22}},"397":{"start":{"line":792,"column":30},"end":{"line":792,"column":34}},"398":{"start":{"line":795,"column":47},"end":{"line":795,"column":56}},"399":{"start":{"line":796,"column":30},"end":{"line":796,"column":39}},"400":{"start":{"line":800,"column":41},"end":{"line":800,"column":42}},"401":{"start":{"line":801,"column":35},"end":{"line":801,"column":36}},"402":{"start":{"line":802,"column":49},"end":{"line":802,"column":58}},"403":{"start":{"line":803,"column":35},"end":{"line":803,"column":36}},"404":{"start":{"line":804,"column":19},"end":{"line":804,"column":27}},"405":{"start":{"line":805,"column":24},"end":{"line":805,"column":42}},"406":{"start":{"line":806,"column":25},"end":{"line":806,"column":32}},"407":{"start":{"line":809,"column":8},"end":{"line":833,"column":null}},"408":{"start":{"line":810,"column":12},"end":{"line":831,"column":null}},"409":{"start":{"line":811,"column":16},"end":{"line":811,"column":25}},"410":{"start":{"line":813,"column":16},"end":{"line":813,"column":60}},"411":{"start":{"line":814,"column":16},"end":{"line":829,"column":null}},"412":{"start":{"line":815,"column":20},"end":{"line":815,"column":78}},"413":{"start":{"line":816,"column":20},"end":{"line":828,"column":null}},"414":{"start":{"line":817,"column":24},"end":{"line":824,"column":null}},"415":{"start":{"line":818,"column":28},"end":{"line":818,"column":115}},"416":{"start":{"line":819,"column":28},"end":{"line":819,"column":41}},"417":{"start":{"line":821,"column":28},"end":{"line":821,"column":60}},"418":{"start":{"line":822,"column":28},"end":{"line":822,"column":62}},"419":{"start":{"line":823,"column":28},"end":{"line":823,"column":77}},"420":{"start":{"line":826,"column":24},"end":{"line":826,"column":111}},"421":{"start":{"line":827,"column":24},"end":{"line":827,"column":37}},"422":{"start":{"line":830,"column":16},"end":{"line":830,"column":51}},"423":{"start":{"line":832,"column":12},"end":{"line":832,"column":33}},"424":{"start":{"line":835,"column":8},"end":{"line":835,"column":31}},"425":{"start":{"line":836,"column":8},"end":{"line":875,"column":null}},"426":{"start":{"line":837,"column":12},"end":{"line":874,"column":null}},"427":{"start":{"line":838,"column":16},"end":{"line":838,"column":37}},"428":{"start":{"line":839,"column":16},"end":{"line":839,"column":25}},"429":{"start":{"line":841,"column":16},"end":{"line":841,"column":60}},"430":{"start":{"line":842,"column":16},"end":{"line":842,"column":70}},"431":{"start":{"line":843,"column":16},"end":{"line":871,"column":null}},"432":{"start":{"line":844,"column":20},"end":{"line":844,"column":105}},"433":{"start":{"line":845,"column":20},"end":{"line":854,"column":null}},"434":{"start":{"line":846,"column":24},"end":{"line":850,"column":null}},"435":{"start":{"line":847,"column":28},"end":{"line":847,"column":82}},"436":{"start":{"line":849,"column":28},"end":{"line":849,"column":84}},"437":{"start":{"line":852,"column":24},"end":{"line":852,"column":126}},"438":{"start":{"line":853,"column":24},"end":{"line":853,"column":37}},"439":{"start":{"line":855,"column":23},"end":{"line":871,"column":null}},"440":{"start":{"line":856,"column":20},"end":{"line":856,"column":133}},"441":{"start":{"line":857,"column":20},"end":{"line":870,"column":null}},"442":{"start":{"line":858,"column":24},"end":{"line":858,"column":101}},"443":{"start":{"line":859,"column":24},"end":{"line":861,"column":null}},"444":{"start":{"line":860,"column":28},"end":{"line":860,"column":43}},"445":{"start":{"line":862,"column":24},"end":{"line":866,"column":null}},"446":{"start":{"line":863,"column":28},"end":{"line":863,"column":161}},"447":{"start":{"line":865,"column":28},"end":{"line":865,"column":161}},"448":{"start":{"line":868,"column":24},"end":{"line":868,"column":116}},"449":{"start":{"line":869,"column":24},"end":{"line":869,"column":37}},"450":{"start":{"line":872,"column":16},"end":{"line":872,"column":61}},"451":{"start":{"line":873,"column":16},"end":{"line":873,"column":37}},"452":{"start":{"line":876,"column":8},"end":{"line":876,"column":22}},"453":{"start":{"line":886,"column":8},"end":{"line":886,"column":31}},"454":{"start":{"line":887,"column":8},"end":{"line":911,"column":null}},"455":{"start":{"line":888,"column":12},"end":{"line":908,"column":null}},"456":{"start":{"line":889,"column":16},"end":{"line":905,"column":null}},"457":{"start":{"line":890,"column":20},"end":{"line":902,"column":null}},"458":{"start":{"line":891,"column":24},"end":{"line":899,"column":null}},"459":{"start":{"line":892,"column":28},"end":{"line":896,"column":null}},"460":{"start":{"line":893,"column":32},"end":{"line":893,"column":44}},"461":{"start":{"line":895,"column":32},"end":{"line":895,"column":45}},"462":{"start":{"line":898,"column":28},"end":{"line":898,"column":41}},"463":{"start":{"line":901,"column":24},"end":{"line":901,"column":37}},"464":{"start":{"line":904,"column":20},"end":{"line":904,"column":33}},"465":{"start":{"line":907,"column":16},"end":{"line":907,"column":29}},"466":{"start":{"line":910,"column":12},"end":{"line":910,"column":25}},"467":{"start":{"line":919,"column":8},"end":{"line":919,"column":26}},"468":{"start":{"line":920,"column":8},"end":{"line":920,"column":26}},"469":{"start":{"line":921,"column":8},"end":{"line":921,"column":33}},"470":{"start":{"line":922,"column":8},"end":{"line":922,"column":28}},"471":{"start":{"line":923,"column":8},"end":{"line":923,"column":27}},"472":{"start":{"line":924,"column":8},"end":{"line":924,"column":25}},"473":{"start":{"line":925,"column":8},"end":{"line":925,"column":37}},"474":{"start":{"line":926,"column":8},"end":{"line":926,"column":32}},"475":{"start":{"line":927,"column":8},"end":{"line":927,"column":33}},"476":{"start":{"line":928,"column":8},"end":{"line":928,"column":32}},"477":{"start":{"line":929,"column":8},"end":{"line":929,"column":25}},"478":{"start":{"line":938,"column":30},"end":{"line":938,"column":34}},"479":{"start":{"line":940,"column":8},"end":{"line":1004,"column":null}},"480":{"start":{"line":941,"column":30},"end":{"line":941,"column":58}},"481":{"start":{"line":942,"column":12},"end":{"line":945,"column":null}},"482":{"start":{"line":943,"column":16},"end":{"line":943,"column":65}},"483":{"start":{"line":944,"column":16},"end":{"line":944,"column":25}},"484":{"start":{"line":946,"column":37},"end":{"line":946,"column":53}},"485":{"start":{"line":947,"column":35},"end":{"line":947,"column":63}},"486":{"start":{"line":948,"column":12},"end":{"line":1003,"column":null}},"487":{"start":{"line":949,"column":59},"end":{"line":949,"column":96}},"488":{"start":{"line":950,"column":37},"end":{"line":950,"column":62}},"489":{"start":{"line":951,"column":16},"end":{"line":999,"column":null}},"490":{"start":{"line":952,"column":20},"end":{"line":952,"column":118}},"491":{"start":{"line":953,"column":20},"end":{"line":953,"column":33}},"492":{"start":{"line":954,"column":23},"end":{"line":999,"column":null}},"493":{"start":{"line":955,"column":51},"end":{"line":955,"column":87}},"494":{"start":{"line":956,"column":20},"end":{"line":995,"column":null}},"495":{"start":{"line":957,"column":24},"end":{"line":957,"column":122}},"496":{"start":{"line":958,"column":24},"end":{"line":958,"column":37}},"497":{"start":{"line":960,"column":24},"end":{"line":994,"column":null}},"498":{"start":{"line":962,"column":32},"end":{"line":962,"column":61}},"499":{"start":{"line":963,"column":32},"end":{"line":969,"column":null}},"500":{"start":{"line":964,"column":36},"end":{"line":964,"column":62}},"501":{"start":{"line":965,"column":36},"end":{"line":965,"column":79}},"502":{"start":{"line":967,"column":36},"end":{"line":967,"column":79}},"503":{"start":{"line":968,"column":36},"end":{"line":968,"column":49}},"504":{"start":{"line":970,"column":32},"end":{"line":970,"column":38}},"505":{"start":{"line":972,"column":32},"end":{"line":972,"column":61}},"506":{"start":{"line":973,"column":32},"end":{"line":979,"column":null}},"507":{"start":{"line":974,"column":36},"end":{"line":974,"column":62}},"508":{"start":{"line":975,"column":36},"end":{"line":975,"column":79}},"509":{"start":{"line":977,"column":36},"end":{"line":977,"column":79}},"510":{"start":{"line":978,"column":36},"end":{"line":978,"column":49}},"511":{"start":{"line":980,"column":32},"end":{"line":980,"column":38}},"512":{"start":{"line":982,"column":32},"end":{"line":982,"column":61}},"513":{"start":{"line":983,"column":32},"end":{"line":989,"column":null}},"514":{"start":{"line":984,"column":36},"end":{"line":984,"column":62}},"515":{"start":{"line":985,"column":36},"end":{"line":985,"column":79}},"516":{"start":{"line":987,"column":36},"end":{"line":987,"column":79}},"517":{"start":{"line":988,"column":36},"end":{"line":988,"column":49}},"518":{"start":{"line":990,"column":32},"end":{"line":990,"column":38}},"519":{"start":{"line":992,"column":32},"end":{"line":992,"column":130}},"520":{"start":{"line":993,"column":32},"end":{"line":993,"column":45}},"521":{"start":{"line":997,"column":20},"end":{"line":997,"column":135}},"522":{"start":{"line":998,"column":20},"end":{"line":998,"column":33}},"523":{"start":{"line":1001,"column":16},"end":{"line":1001,"column":114}},"524":{"start":{"line":1002,"column":16},"end":{"line":1002,"column":29}},"525":{"start":{"line":1005,"column":8},"end":{"line":1005,"column":22}},"526":{"start":{"line":19,"column":0},"end":{"line":19,"column":13}},"527":{"start":{"line":24,"column":19},"end":{"line":24,"column":58}}},"fnMap":{"0":{"name":"(anonymous_0)","decl":{"start":{"line":85,"column":4},"end":{"line":85,"column":28}},"loc":{"start":{"line":85,"column":4},"end":{"line":85,"column":29}}},"1":{"name":"(anonymous_1)","decl":{"start":{"line":91,"column":11},"end":{"line":91,"column":17}},"loc":{"start":{"line":91,"column":30},"end":{"line":93,"column":5}}},"2":{"name":"(anonymous_2)","decl":{"start":{"line":99,"column":11},"end":{"line":99,"column":20}},"loc":{"start":{"line":99,"column":20},"end":{"line":101,"column":5}}},"3":{"name":"(anonymous_3)","decl":{"start":{"line":107,"column":11},"end":{"line":107,"column":24}},"loc":{"start":{"line":107,"column":24},"end":{"line":109,"column":5}}},"4":{"name":"(anonymous_4)","decl":{"start":{"line":115,"column":11},"end":{"line":115,"column":29}},"loc":{"start":{"line":115,"column":29},"end":{"line":117,"column":5}}},"5":{"name":"(anonymous_5)","decl":{"start":{"line":123,"column":11},"end":{"line":123,"column":25}},"loc":{"start":{"line":123,"column":25},"end":{"line":125,"column":5}}},"6":{"name":"(anonymous_6)","decl":{"start":{"line":131,"column":11},"end":{"line":131,"column":24}},"loc":{"start":{"line":131,"column":24},"end":{"line":133,"column":5}}},"7":{"name":"(anonymous_7)","decl":{"start":{"line":139,"column":11},"end":{"line":139,"column":25}},"loc":{"start":{"line":139,"column":25},"end":{"line":141,"column":5}}},"8":{"name":"(anonymous_8)","decl":{"start":{"line":147,"column":11},"end":{"line":147,"column":23}},"loc":{"start":{"line":147,"column":23},"end":{"line":149,"column":5}}},"9":{"name":"(anonymous_9)","decl":{"start":{"line":155,"column":11},"end":{"line":155,"column":19}},"loc":{"start":{"line":155,"column":19},"end":{"line":157,"column":5}}},"10":{"name":"(anonymous_10)","decl":{"start":{"line":163,"column":11},"end":{"line":163,"column":18}},"loc":{"start":{"line":163,"column":18},"end":{"line":165,"column":5}}},"11":{"name":"(anonymous_11)","decl":{"start":{"line":171,"column":11},"end":{"line":171,"column":17}},"loc":{"start":{"line":171,"column":17},"end":{"line":173,"column":5}}},"12":{"name":"(anonymous_12)","decl":{"start":{"line":179,"column":11},"end":{"line":179,"column":21}},"loc":{"start":{"line":179,"column":21},"end":{"line":181,"column":5}}},"13":{"name":"(anonymous_13)","decl":{"start":{"line":188,"column":11},"end":{"line":188,"column":21}},"loc":{"start":{"line":188,"column":35},"end":{"line":199,"column":5}}},"14":{"name":"(anonymous_14)","decl":{"start":{"line":208,"column":11},"end":{"line":208,"column":26}},"loc":{"start":{"line":208,"column":26},"end":{"line":289,"column":5}}},"15":{"name":"(anonymous_15)","decl":{"start":{"line":298,"column":11},"end":{"line":298,"column":27}},"loc":{"start":{"line":298,"column":27},"end":{"line":318,"column":5}}},"16":{"name":"(anonymous_16)","decl":{"start":{"line":327,"column":11},"end":{"line":327,"column":21}},"loc":{"start":{"line":327,"column":21},"end":{"line":423,"column":5}}},"17":{"name":"(anonymous_17)","decl":{"start":{"line":433,"column":11},"end":{"line":433,"column":20}},"loc":{"start":{"line":433,"column":20},"end":{"line":637,"column":5}}},"18":{"name":"(anonymous_18)","decl":{"start":{"line":643,"column":11},"end":{"line":643,"column":21}},"loc":{"start":{"line":643,"column":21},"end":{"line":663,"column":5}}},"19":{"name":"(anonymous_19)","decl":{"start":{"line":669,"column":11},"end":{"line":669,"column":23}},"loc":{"start":{"line":669,"column":23},"end":{"line":784,"column":5}}},"20":{"name":"(anonymous_20)","decl":{"start":{"line":791,"column":11},"end":{"line":791,"column":25}},"loc":{"start":{"line":791,"column":25},"end":{"line":877,"column":5}}},"21":{"name":"(anonymous_21)","decl":{"start":{"line":885,"column":11},"end":{"line":885,"column":21}},"loc":{"start":{"line":885,"column":21},"end":{"line":912,"column":5}}},"22":{"name":"(anonymous_22)","decl":{"start":{"line":918,"column":11},"end":{"line":918,"column":18}},"loc":{"start":{"line":918,"column":18},"end":{"line":930,"column":5}}},"23":{"name":"(anonymous_23)","decl":{"start":{"line":937,"column":11},"end":{"line":937,"column":19}},"loc":{"start":{"line":937,"column":19},"end":{"line":1006,"column":5}}}},"branchMap":{"0":{"loc":{"start":{"line":194,"column":12},"end":{"line":197,"column":null}},"type":"if","locations":[{"start":{"line":194,"column":12},"end":{"line":197,"column":null}},{"start":{"line":194,"column":12},"end":{"line":197,"column":null}}]},"1":{"loc":{"start":{"line":213,"column":12},"end":{"line":215,"column":null}},"type":"if","locations":[{"start":{"line":213,"column":12},"end":{"line":215,"column":null}},{"start":{"line":213,"column":12},"end":{"line":215,"column":null}}]},"2":{"loc":{"start":{"line":213,"column":16},"end":{"line":213,"column":42}},"type":"binary-expr","locations":[{"start":{"line":213,"column":16},"end":{"line":213,"column":42}},{"start":{"line":213,"column":46},"end":{"line":213,"column":72}}]},"3":{"loc":{"start":{"line":216,"column":12},"end":{"line":218,"column":null}},"type":"if","locations":[{"start":{"line":216,"column":12},"end":{"line":218,"column":null}},{"start":{"line":216,"column":12},"end":{"line":218,"column":null}}]},"4":{"loc":{"start":{"line":221,"column":8},"end":{"line":278,"column":null}},"type":"if","locations":[{"start":{"line":221,"column":8},"end":{"line":278,"column":null}},{"start":{"line":221,"column":8},"end":{"line":278,"column":null}}]},"5":{"loc":{"start":{"line":227,"column":16},"end":{"line":276,"column":null}},"type":"if","locations":[{"start":{"line":227,"column":16},"end":{"line":276,"column":null}},{"start":{"line":227,"column":16},"end":{"line":276,"column":null}}]},"6":{"loc":{"start":{"line":228,"column":20},"end":{"line":232,"column":null}},"type":"if","locations":[{"start":{"line":228,"column":20},"end":{"line":232,"column":null}},{"start":{"line":228,"column":20},"end":{"line":232,"column":null}}]},"7":{"loc":{"start":{"line":233,"column":20},"end":{"line":253,"column":null}},"type":"if","locations":[{"start":{"line":233,"column":20},"end":{"line":253,"column":null}},{"start":{"line":233,"column":20},"end":{"line":253,"column":null}}]},"8":{"loc":{"start":{"line":234,"column":24},"end":{"line":242,"column":null}},"type":"if","locations":[{"start":{"line":234,"column":24},"end":{"line":242,"column":null}},{"start":{"line":234,"column":24},"end":{"line":242,"column":null}}]},"9":{"loc":{"start":{"line":244,"column":24},"end":{"line":252,"column":null}},"type":"if","locations":[{"start":{"line":244,"column":24},"end":{"line":252,"column":null}},{"start":{"line":244,"column":24},"end":{"line":252,"column":null}}]},"10":{"loc":{"start":{"line":255,"column":20},"end":{"line":275,"column":null}},"type":"if","locations":[{"start":{"line":255,"column":20},"end":{"line":275,"column":null}},{"start":{"line":255,"column":20},"end":{"line":275,"column":null}}]},"11":{"loc":{"start":{"line":256,"column":24},"end":{"line":264,"column":null}},"type":"if","locations":[{"start":{"line":256,"column":24},"end":{"line":264,"column":null}},{"start":{"line":256,"column":24},"end":{"line":264,"column":null}}]},"12":{"loc":{"start":{"line":266,"column":24},"end":{"line":274,"column":null}},"type":"if","locations":[{"start":{"line":266,"column":24},"end":{"line":274,"column":null}},{"start":{"line":266,"column":24},"end":{"line":274,"column":null}}]},"13":{"loc":{"start":{"line":281,"column":12},"end":{"line":283,"column":null}},"type":"if","locations":[{"start":{"line":281,"column":12},"end":{"line":283,"column":null}},{"start":{"line":281,"column":12},"end":{"line":283,"column":null}}]},"14":{"loc":{"start":{"line":307,"column":12},"end":{"line":315,"column":null}},"type":"if","locations":[{"start":{"line":307,"column":12},"end":{"line":315,"column":null}},{"start":{"line":307,"column":12},"end":{"line":315,"column":null}}]},"15":{"loc":{"start":{"line":309,"column":16},"end":{"line":314,"column":null}},"type":"if","locations":[{"start":{"line":309,"column":16},"end":{"line":314,"column":null}},{"start":{"line":309,"column":16},"end":{"line":314,"column":null}}]},"16":{"loc":{"start":{"line":309,"column":20},"end":{"line":309,"column":41}},"type":"binary-expr","locations":[{"start":{"line":309,"column":20},"end":{"line":309,"column":41}},{"start":{"line":309,"column":45},"end":{"line":309,"column":77}}]},"17":{"loc":{"start":{"line":312,"column":23},"end":{"line":314,"column":null}},"type":"if","locations":[{"start":{"line":312,"column":23},"end":{"line":314,"column":null}},{"start":{"line":312,"column":23},"end":{"line":314,"column":null}}]},"18":{"loc":{"start":{"line":339,"column":12},"end":{"line":410,"column":null}},"type":"if","locations":[{"start":{"line":339,"column":12},"end":{"line":410,"column":null}},{"start":{"line":339,"column":12},"end":{"line":410,"column":null}}]},"19":{"loc":{"start":{"line":341,"column":16},"end":{"line":344,"column":null}},"type":"if","locations":[{"start":{"line":341,"column":16},"end":{"line":344,"column":null}},{"start":{"line":341,"column":16},"end":{"line":344,"column":null}}]},"20":{"loc":{"start":{"line":341,"column":20},"end":{"line":341,"column":41}},"type":"binary-expr","locations":[{"start":{"line":341,"column":20},"end":{"line":341,"column":41}},{"start":{"line":341,"column":45},"end":{"line":341,"column":77}}]},"21":{"loc":{"start":{"line":345,"column":16},"end":{"line":369,"column":null}},"type":"if","locations":[{"start":{"line":345,"column":16},"end":{"line":369,"column":null}},{"start":{"line":345,"column":16},"end":{"line":369,"column":null}}]},"22":{"loc":{"start":{"line":345,"column":20},"end":{"line":345,"column":113}},"type":"binary-expr","locations":[{"start":{"line":345,"column":20},"end":{"line":345,"column":113}},{"start":{"line":345,"column":117},"end":{"line":345,"column":216}}]},"23":{"loc":{"start":{"line":346,"column":20},"end":{"line":366,"column":null}},"type":"if","locations":[{"start":{"line":346,"column":20},"end":{"line":366,"column":null}},{"start":{"line":346,"column":20},"end":{"line":366,"column":null}}]},"24":{"loc":{"start":{"line":349,"column":27},"end":{"line":366,"column":null}},"type":"if","locations":[{"start":{"line":349,"column":27},"end":{"line":366,"column":null}},{"start":{"line":349,"column":27},"end":{"line":366,"column":null}}]},"25":{"loc":{"start":{"line":353,"column":24},"end":{"line":365,"column":null}},"type":"if","locations":[{"start":{"line":353,"column":24},"end":{"line":365,"column":null}},{"start":{"line":353,"column":24},"end":{"line":365,"column":null}}]},"26":{"loc":{"start":{"line":353,"column":28},"end":{"line":353,"column":77}},"type":"binary-expr","locations":[{"start":{"line":353,"column":28},"end":{"line":353,"column":77}},{"start":{"line":353,"column":81},"end":{"line":353,"column":130}},{"start":{"line":353,"column":134},"end":{"line":353,"column":184}},{"start":{"line":353,"column":188},"end":{"line":353,"column":239}}]},"27":{"loc":{"start":{"line":354,"column":28},"end":{"line":360,"column":null}},"type":"if","locations":[{"start":{"line":354,"column":28},"end":{"line":360,"column":null}},{"start":{"line":354,"column":28},"end":{"line":360,"column":null}}]},"28":{"loc":{"start":{"line":355,"column":32},"end":{"line":359,"column":null}},"type":"if","locations":[{"start":{"line":355,"column":32},"end":{"line":359,"column":null}},{"start":{"line":355,"column":32},"end":{"line":359,"column":null}}]},"29":{"loc":{"start":{"line":371,"column":16},"end":{"line":409,"column":null}},"type":"if","locations":[{"start":{"line":371,"column":16},"end":{"line":409,"column":null}},{"start":{"line":371,"column":16},"end":{"line":409,"column":null}}]},"30":{"loc":{"start":{"line":371,"column":20},"end":{"line":371,"column":66}},"type":"binary-expr","locations":[{"start":{"line":371,"column":20},"end":{"line":371,"column":66}},{"start":{"line":371,"column":70},"end":{"line":371,"column":117}}]},"31":{"loc":{"start":{"line":372,"column":20},"end":{"line":380,"column":null}},"type":"if","locations":[{"start":{"line":372,"column":20},"end":{"line":380,"column":null}},{"start":{"line":372,"column":20},"end":{"line":380,"column":null}}]},"32":{"loc":{"start":{"line":374,"column":27},"end":{"line":380,"column":null}},"type":"if","locations":[{"start":{"line":374,"column":27},"end":{"line":380,"column":null}},{"start":{"line":374,"column":27},"end":{"line":380,"column":null}}]},"33":{"loc":{"start":{"line":374,"column":31},"end":{"line":374,"column":87}},"type":"binary-expr","locations":[{"start":{"line":374,"column":31},"end":{"line":374,"column":87}},{"start":{"line":374,"column":91},"end":{"line":374,"column":144}}]},"34":{"loc":{"start":{"line":381,"column":23},"end":{"line":409,"column":null}},"type":"if","locations":[{"start":{"line":381,"column":23},"end":{"line":409,"column":null}},{"start":{"line":381,"column":23},"end":{"line":409,"column":null}}]},"35":{"loc":{"start":{"line":382,"column":20},"end":{"line":390,"column":null}},"type":"if","locations":[{"start":{"line":382,"column":20},"end":{"line":390,"column":null}},{"start":{"line":382,"column":20},"end":{"line":390,"column":null}}]},"36":{"loc":{"start":{"line":384,"column":27},"end":{"line":390,"column":null}},"type":"if","locations":[{"start":{"line":384,"column":27},"end":{"line":390,"column":null}},{"start":{"line":384,"column":27},"end":{"line":390,"column":null}}]},"37":{"loc":{"start":{"line":391,"column":23},"end":{"line":409,"column":null}},"type":"if","locations":[{"start":{"line":391,"column":23},"end":{"line":409,"column":null}},{"start":{"line":391,"column":23},"end":{"line":409,"column":null}}]},"38":{"loc":{"start":{"line":392,"column":20},"end":{"line":400,"column":null}},"type":"if","locations":[{"start":{"line":392,"column":20},"end":{"line":400,"column":null}},{"start":{"line":392,"column":20},"end":{"line":400,"column":null}}]},"39":{"loc":{"start":{"line":394,"column":27},"end":{"line":400,"column":null}},"type":"if","locations":[{"start":{"line":394,"column":27},"end":{"line":400,"column":null}},{"start":{"line":394,"column":27},"end":{"line":400,"column":null}}]},"40":{"loc":{"start":{"line":403,"column":20},"end":{"line":408,"column":null}},"type":"if","locations":[{"start":{"line":403,"column":20},"end":{"line":408,"column":null}},{"start":{"line":403,"column":20},"end":{"line":408,"column":null}}]},"41":{"loc":{"start":{"line":403,"column":24},"end":{"line":403,"column":87}},"type":"binary-expr","locations":[{"start":{"line":403,"column":24},"end":{"line":403,"column":87}},{"start":{"line":403,"column":91},"end":{"line":403,"column":154}},{"start":{"line":403,"column":158},"end":{"line":403,"column":220}},{"start":{"line":403,"column":224},"end":{"line":403,"column":280}}]},"42":{"loc":{"start":{"line":417,"column":8},"end":{"line":421,"column":null}},"type":"if","locations":[{"start":{"line":417,"column":8},"end":{"line":421,"column":null}},{"start":{"line":417,"column":8},"end":{"line":421,"column":null}}]},"43":{"loc":{"start":{"line":445,"column":12},"end":{"line":633,"column":null}},"type":"if","locations":[{"start":{"line":445,"column":12},"end":{"line":633,"column":null}},{"start":{"line":445,"column":12},"end":{"line":633,"column":null}}]},"44":{"loc":{"start":{"line":451,"column":16},"end":{"line":540,"column":null}},"type":"if","locations":[{"start":{"line":451,"column":16},"end":{"line":540,"column":null}},{"start":{"line":451,"column":16},"end":{"line":540,"column":null}}]},"45":{"loc":{"start":{"line":452,"column":20},"end":{"line":493,"column":null}},"type":"if","locations":[{"start":{"line":452,"column":20},"end":{"line":493,"column":null}},{"start":{"line":452,"column":20},"end":{"line":493,"column":null}}]},"46":{"loc":{"start":{"line":455,"column":28},"end":{"line":469,"column":null}},"type":"if","locations":[{"start":{"line":455,"column":28},"end":{"line":469,"column":null}},{"start":{"line":455,"column":28},"end":{"line":469,"column":null}}]},"47":{"loc":{"start":{"line":458,"column":35},"end":{"line":469,"column":null}},"type":"if","locations":[{"start":{"line":458,"column":35},"end":{"line":469,"column":null}},{"start":{"line":458,"column":35},"end":{"line":469,"column":null}}]},"48":{"loc":{"start":{"line":458,"column":39},"end":{"line":458,"column":65}},"type":"binary-expr","locations":[{"start":{"line":458,"column":39},"end":{"line":458,"column":65}},{"start":{"line":458,"column":69},"end":{"line":458,"column":96}}]},"49":{"loc":{"start":{"line":462,"column":32},"end":{"line":467,"column":null}},"type":"if","locations":[{"start":{"line":462,"column":32},"end":{"line":467,"column":null}},{"start":{"line":462,"column":32},"end":{"line":467,"column":null}}]},"50":{"loc":{"start":{"line":472,"column":24},"end":{"line":474,"column":null}},"type":"if","locations":[{"start":{"line":472,"column":24},"end":{"line":474,"column":null}},{"start":{"line":472,"column":24},"end":{"line":474,"column":null}}]},"51":{"loc":{"start":{"line":475,"column":24},"end":{"line":492,"column":null}},"type":"if","locations":[{"start":{"line":475,"column":24},"end":{"line":492,"column":null}},{"start":{"line":475,"column":24},"end":{"line":492,"column":null}}]},"52":{"loc":{"start":{"line":480,"column":28},"end":{"line":491,"column":null}},"type":"if","locations":[{"start":{"line":480,"column":28},"end":{"line":491,"column":null}},{"start":{"line":480,"column":28},"end":{"line":491,"column":null}}]},"53":{"loc":{"start":{"line":480,"column":32},"end":{"line":480,"column":55}},"type":"binary-expr","locations":[{"start":{"line":480,"column":32},"end":{"line":480,"column":55}},{"start":{"line":480,"column":59},"end":{"line":480,"column":83}}]},"54":{"loc":{"start":{"line":484,"column":32},"end":{"line":489,"column":null}},"type":"if","locations":[{"start":{"line":484,"column":32},"end":{"line":489,"column":null}},{"start":{"line":484,"column":32},"end":{"line":489,"column":null}}]},"55":{"loc":{"start":{"line":494,"column":23},"end":{"line":540,"column":null}},"type":"if","locations":[{"start":{"line":494,"column":23},"end":{"line":540,"column":null}},{"start":{"line":494,"column":23},"end":{"line":540,"column":null}}]},"56":{"loc":{"start":{"line":495,"column":20},"end":{"line":526,"column":null}},"type":"if","locations":[{"start":{"line":495,"column":20},"end":{"line":526,"column":null}},{"start":{"line":495,"column":20},"end":{"line":526,"column":null}}]},"57":{"loc":{"start":{"line":498,"column":28},"end":{"line":507,"column":null}},"type":"if","locations":[{"start":{"line":498,"column":28},"end":{"line":507,"column":null}},{"start":{"line":498,"column":28},"end":{"line":507,"column":null}}]},"58":{"loc":{"start":{"line":501,"column":35},"end":{"line":507,"column":null}},"type":"if","locations":[{"start":{"line":501,"column":35},"end":{"line":507,"column":null}},{"start":{"line":501,"column":35},"end":{"line":507,"column":null}}]},"59":{"loc":{"start":{"line":501,"column":39},"end":{"line":501,"column":58}},"type":"binary-expr","locations":[{"start":{"line":501,"column":39},"end":{"line":501,"column":58}},{"start":{"line":501,"column":62},"end":{"line":501,"column":82}}]},"60":{"loc":{"start":{"line":510,"column":24},"end":{"line":512,"column":null}},"type":"if","locations":[{"start":{"line":510,"column":24},"end":{"line":512,"column":null}},{"start":{"line":510,"column":24},"end":{"line":512,"column":null}}]},"61":{"loc":{"start":{"line":513,"column":24},"end":{"line":525,"column":null}},"type":"if","locations":[{"start":{"line":513,"column":24},"end":{"line":525,"column":null}},{"start":{"line":513,"column":24},"end":{"line":525,"column":null}}]},"62":{"loc":{"start":{"line":518,"column":28},"end":{"line":524,"column":null}},"type":"if","locations":[{"start":{"line":518,"column":28},"end":{"line":524,"column":null}},{"start":{"line":518,"column":28},"end":{"line":524,"column":null}}]},"63":{"loc":{"start":{"line":518,"column":32},"end":{"line":518,"column":48}},"type":"binary-expr","locations":[{"start":{"line":518,"column":32},"end":{"line":518,"column":48}},{"start":{"line":518,"column":52},"end":{"line":518,"column":69}}]},"64":{"loc":{"start":{"line":527,"column":23},"end":{"line":540,"column":null}},"type":"if","locations":[{"start":{"line":527,"column":23},"end":{"line":540,"column":null}},{"start":{"line":527,"column":23},"end":{"line":540,"column":null}}]},"65":{"loc":{"start":{"line":527,"column":27},"end":{"line":527,"column":46}},"type":"binary-expr","locations":[{"start":{"line":527,"column":27},"end":{"line":527,"column":46}},{"start":{"line":527,"column":50},"end":{"line":527,"column":70}}]},"66":{"loc":{"start":{"line":528,"column":20},"end":{"line":539,"column":null}},"type":"if","locations":[{"start":{"line":528,"column":20},"end":{"line":539,"column":null}},{"start":{"line":528,"column":20},"end":{"line":539,"column":null}}]},"67":{"loc":{"start":{"line":528,"column":24},"end":{"line":528,"column":96}},"type":"binary-expr","locations":[{"start":{"line":528,"column":24},"end":{"line":528,"column":96}},{"start":{"line":528,"column":100},"end":{"line":528,"column":170}}]},"68":{"loc":{"start":{"line":532,"column":24},"end":{"line":538,"column":null}},"type":"if","locations":[{"start":{"line":532,"column":24},"end":{"line":538,"column":null}},{"start":{"line":532,"column":24},"end":{"line":538,"column":null}}]},"69":{"loc":{"start":{"line":544,"column":16},"end":{"line":632,"column":null}},"type":"if","locations":[{"start":{"line":544,"column":16},"end":{"line":632,"column":null}},{"start":{"line":544,"column":16},"end":{"line":632,"column":null}}]},"70":{"loc":{"start":{"line":545,"column":20},"end":{"line":586,"column":null}},"type":"if","locations":[{"start":{"line":545,"column":20},"end":{"line":586,"column":null}},{"start":{"line":545,"column":20},"end":{"line":586,"column":null}}]},"71":{"loc":{"start":{"line":548,"column":28},"end":{"line":562,"column":null}},"type":"if","locations":[{"start":{"line":548,"column":28},"end":{"line":562,"column":null}},{"start":{"line":548,"column":28},"end":{"line":562,"column":null}}]},"72":{"loc":{"start":{"line":551,"column":35},"end":{"line":562,"column":null}},"type":"if","locations":[{"start":{"line":551,"column":35},"end":{"line":562,"column":null}},{"start":{"line":551,"column":35},"end":{"line":562,"column":null}}]},"73":{"loc":{"start":{"line":551,"column":39},"end":{"line":551,"column":65}},"type":"binary-expr","locations":[{"start":{"line":551,"column":39},"end":{"line":551,"column":65}},{"start":{"line":551,"column":69},"end":{"line":551,"column":96}}]},"74":{"loc":{"start":{"line":555,"column":32},"end":{"line":560,"column":null}},"type":"if","locations":[{"start":{"line":555,"column":32},"end":{"line":560,"column":null}},{"start":{"line":555,"column":32},"end":{"line":560,"column":null}}]},"75":{"loc":{"start":{"line":565,"column":24},"end":{"line":567,"column":null}},"type":"if","locations":[{"start":{"line":565,"column":24},"end":{"line":567,"column":null}},{"start":{"line":565,"column":24},"end":{"line":567,"column":null}}]},"76":{"loc":{"start":{"line":568,"column":24},"end":{"line":585,"column":null}},"type":"if","locations":[{"start":{"line":568,"column":24},"end":{"line":585,"column":null}},{"start":{"line":568,"column":24},"end":{"line":585,"column":null}}]},"77":{"loc":{"start":{"line":573,"column":28},"end":{"line":584,"column":null}},"type":"if","locations":[{"start":{"line":573,"column":28},"end":{"line":584,"column":null}},{"start":{"line":573,"column":28},"end":{"line":584,"column":null}}]},"78":{"loc":{"start":{"line":573,"column":32},"end":{"line":573,"column":55}},"type":"binary-expr","locations":[{"start":{"line":573,"column":32},"end":{"line":573,"column":55}},{"start":{"line":573,"column":59},"end":{"line":573,"column":83}}]},"79":{"loc":{"start":{"line":577,"column":32},"end":{"line":582,"column":null}},"type":"if","locations":[{"start":{"line":577,"column":32},"end":{"line":582,"column":null}},{"start":{"line":577,"column":32},"end":{"line":582,"column":null}}]},"80":{"loc":{"start":{"line":587,"column":23},"end":{"line":632,"column":null}},"type":"if","locations":[{"start":{"line":587,"column":23},"end":{"line":632,"column":null}},{"start":{"line":587,"column":23},"end":{"line":632,"column":null}}]},"81":{"loc":{"start":{"line":588,"column":20},"end":{"line":619,"column":null}},"type":"if","locations":[{"start":{"line":588,"column":20},"end":{"line":619,"column":null}},{"start":{"line":588,"column":20},"end":{"line":619,"column":null}}]},"82":{"loc":{"start":{"line":591,"column":28},"end":{"line":600,"column":null}},"type":"if","locations":[{"start":{"line":591,"column":28},"end":{"line":600,"column":null}},{"start":{"line":591,"column":28},"end":{"line":600,"column":null}}]},"83":{"loc":{"start":{"line":594,"column":35},"end":{"line":600,"column":null}},"type":"if","locations":[{"start":{"line":594,"column":35},"end":{"line":600,"column":null}},{"start":{"line":594,"column":35},"end":{"line":600,"column":null}}]},"84":{"loc":{"start":{"line":594,"column":39},"end":{"line":594,"column":58}},"type":"binary-expr","locations":[{"start":{"line":594,"column":39},"end":{"line":594,"column":58}},{"start":{"line":594,"column":62},"end":{"line":594,"column":82}}]},"85":{"loc":{"start":{"line":603,"column":24},"end":{"line":605,"column":null}},"type":"if","locations":[{"start":{"line":603,"column":24},"end":{"line":605,"column":null}},{"start":{"line":603,"column":24},"end":{"line":605,"column":null}}]},"86":{"loc":{"start":{"line":606,"column":24},"end":{"line":618,"column":null}},"type":"if","locations":[{"start":{"line":606,"column":24},"end":{"line":618,"column":null}},{"start":{"line":606,"column":24},"end":{"line":618,"column":null}}]},"87":{"loc":{"start":{"line":611,"column":28},"end":{"line":617,"column":null}},"type":"if","locations":[{"start":{"line":611,"column":28},"end":{"line":617,"column":null}},{"start":{"line":611,"column":28},"end":{"line":617,"column":null}}]},"88":{"loc":{"start":{"line":611,"column":32},"end":{"line":611,"column":48}},"type":"binary-expr","locations":[{"start":{"line":611,"column":32},"end":{"line":611,"column":48}},{"start":{"line":611,"column":52},"end":{"line":611,"column":69}}]},"89":{"loc":{"start":{"line":620,"column":23},"end":{"line":632,"column":null}},"type":"if","locations":[{"start":{"line":620,"column":23},"end":{"line":632,"column":null}},{"start":{"line":620,"column":23},"end":{"line":632,"column":null}}]},"90":{"loc":{"start":{"line":620,"column":27},"end":{"line":620,"column":46}},"type":"binary-expr","locations":[{"start":{"line":620,"column":27},"end":{"line":620,"column":46}},{"start":{"line":620,"column":50},"end":{"line":620,"column":70}}]},"91":{"loc":{"start":{"line":621,"column":20},"end":{"line":631,"column":null}},"type":"if","locations":[{"start":{"line":621,"column":20},"end":{"line":631,"column":null}},{"start":{"line":621,"column":20},"end":{"line":631,"column":null}}]},"92":{"loc":{"start":{"line":621,"column":24},"end":{"line":621,"column":86}},"type":"binary-expr","locations":[{"start":{"line":621,"column":24},"end":{"line":621,"column":86}},{"start":{"line":621,"column":90},"end":{"line":621,"column":150}}]},"93":{"loc":{"start":{"line":626,"column":24},"end":{"line":630,"column":null}},"type":"if","locations":[{"start":{"line":626,"column":24},"end":{"line":630,"column":null}},{"start":{"line":626,"column":24},"end":{"line":630,"column":null}}]},"94":{"loc":{"start":{"line":650,"column":12},"end":{"line":660,"column":null}},"type":"if","locations":[{"start":{"line":650,"column":12},"end":{"line":660,"column":null}},{"start":{"line":650,"column":12},"end":{"line":660,"column":null}}]},"95":{"loc":{"start":{"line":652,"column":16},"end":{"line":657,"column":null}},"type":"if","locations":[{"start":{"line":652,"column":16},"end":{"line":657,"column":null}},{"start":{"line":652,"column":16},"end":{"line":657,"column":null}}]},"96":{"loc":{"start":{"line":676,"column":12},"end":{"line":679,"column":null}},"type":"if","locations":[{"start":{"line":676,"column":12},"end":{"line":679,"column":null}},{"start":{"line":676,"column":12},"end":{"line":679,"column":null}}]},"97":{"loc":{"start":{"line":682,"column":12},"end":{"line":780,"column":null}},"type":"if","locations":[{"start":{"line":682,"column":12},"end":{"line":780,"column":null}},{"start":{"line":682,"column":12},"end":{"line":780,"column":null}}]},"98":{"loc":{"start":{"line":685,"column":16},"end":{"line":774,"column":null}},"type":"if","locations":[{"start":{"line":685,"column":16},"end":{"line":774,"column":null}},{"start":{"line":685,"column":16},"end":{"line":774,"column":null}}]},"99":{"loc":{"start":{"line":688,"column":23},"end":{"line":774,"column":null}},"type":"if","locations":[{"start":{"line":688,"column":23},"end":{"line":774,"column":null}},{"start":{"line":688,"column":23},"end":{"line":774,"column":null}}]},"100":{"loc":{"start":{"line":690,"column":20},"end":{"line":770,"column":null}},"type":"if","locations":[{"start":{"line":690,"column":20},"end":{"line":770,"column":null}},{"start":{"line":690,"column":20},"end":{"line":770,"column":null}}]},"101":{"loc":{"start":{"line":693,"column":27},"end":{"line":770,"column":null}},"type":"if","locations":[{"start":{"line":693,"column":27},"end":{"line":770,"column":null}},{"start":{"line":693,"column":27},"end":{"line":770,"column":null}}]},"102":{"loc":{"start":{"line":704,"column":24},"end":{"line":706,"column":null}},"type":"if","locations":[{"start":{"line":704,"column":24},"end":{"line":706,"column":null}},{"start":{"line":704,"column":24},"end":{"line":706,"column":null}}]},"103":{"loc":{"start":{"line":707,"column":24},"end":{"line":709,"column":null}},"type":"if","locations":[{"start":{"line":707,"column":24},"end":{"line":709,"column":null}},{"start":{"line":707,"column":24},"end":{"line":709,"column":null}}]},"104":{"loc":{"start":{"line":710,"column":24},"end":{"line":712,"column":null}},"type":"if","locations":[{"start":{"line":710,"column":24},"end":{"line":712,"column":null}},{"start":{"line":710,"column":24},"end":{"line":712,"column":null}}]},"105":{"loc":{"start":{"line":714,"column":24},"end":{"line":757,"column":null}},"type":"if","locations":[{"start":{"line":714,"column":24},"end":{"line":757,"column":null}},{"start":{"line":714,"column":24},"end":{"line":757,"column":null}}]},"106":{"loc":{"start":{"line":718,"column":31},"end":{"line":757,"column":null}},"type":"if","locations":[{"start":{"line":718,"column":31},"end":{"line":757,"column":null}},{"start":{"line":718,"column":31},"end":{"line":757,"column":null}}]},"107":{"loc":{"start":{"line":721,"column":31},"end":{"line":757,"column":null}},"type":"if","locations":[{"start":{"line":721,"column":31},"end":{"line":757,"column":null}},{"start":{"line":721,"column":31},"end":{"line":757,"column":null}}]},"108":{"loc":{"start":{"line":724,"column":31},"end":{"line":757,"column":null}},"type":"if","locations":[{"start":{"line":724,"column":31},"end":{"line":757,"column":null}},{"start":{"line":724,"column":31},"end":{"line":757,"column":null}}]},"109":{"loc":{"start":{"line":727,"column":31},"end":{"line":757,"column":null}},"type":"if","locations":[{"start":{"line":727,"column":31},"end":{"line":757,"column":null}},{"start":{"line":727,"column":31},"end":{"line":757,"column":null}}]},"110":{"loc":{"start":{"line":729,"column":31},"end":{"line":757,"column":null}},"type":"if","locations":[{"start":{"line":729,"column":31},"end":{"line":757,"column":null}},{"start":{"line":729,"column":31},"end":{"line":757,"column":null}}]},"111":{"loc":{"start":{"line":731,"column":31},"end":{"line":757,"column":null}},"type":"if","locations":[{"start":{"line":731,"column":31},"end":{"line":757,"column":null}},{"start":{"line":731,"column":31},"end":{"line":757,"column":null}}]},"112":{"loc":{"start":{"line":733,"column":31},"end":{"line":757,"column":null}},"type":"if","locations":[{"start":{"line":733,"column":31},"end":{"line":757,"column":null}},{"start":{"line":733,"column":31},"end":{"line":757,"column":null}}]},"113":{"loc":{"start":{"line":736,"column":31},"end":{"line":757,"column":null}},"type":"if","locations":[{"start":{"line":736,"column":31},"end":{"line":757,"column":null}},{"start":{"line":736,"column":31},"end":{"line":757,"column":null}}]},"114":{"loc":{"start":{"line":738,"column":31},"end":{"line":757,"column":null}},"type":"if","locations":[{"start":{"line":738,"column":31},"end":{"line":757,"column":null}},{"start":{"line":738,"column":31},"end":{"line":757,"column":null}}]},"115":{"loc":{"start":{"line":739,"column":28},"end":{"line":748,"column":null}},"type":"if","locations":[{"start":{"line":739,"column":28},"end":{"line":748,"column":null}},{"start":{"line":739,"column":28},"end":{"line":748,"column":null}}]},"116":{"loc":{"start":{"line":749,"column":31},"end":{"line":757,"column":null}},"type":"if","locations":[{"start":{"line":749,"column":31},"end":{"line":757,"column":null}},{"start":{"line":749,"column":31},"end":{"line":757,"column":null}}]},"117":{"loc":{"start":{"line":751,"column":31},"end":{"line":757,"column":null}},"type":"if","locations":[{"start":{"line":751,"column":31},"end":{"line":757,"column":null}},{"start":{"line":751,"column":31},"end":{"line":757,"column":null}}]},"118":{"loc":{"start":{"line":755,"column":31},"end":{"line":757,"column":null}},"type":"if","locations":[{"start":{"line":755,"column":31},"end":{"line":757,"column":null}},{"start":{"line":755,"column":31},"end":{"line":757,"column":null}}]},"119":{"loc":{"start":{"line":759,"column":24},"end":{"line":761,"column":null}},"type":"if","locations":[{"start":{"line":759,"column":24},"end":{"line":761,"column":null}},{"start":{"line":759,"column":24},"end":{"line":761,"column":null}}]},"120":{"loc":{"start":{"line":762,"column":24},"end":{"line":764,"column":null}},"type":"if","locations":[{"start":{"line":762,"column":24},"end":{"line":764,"column":null}},{"start":{"line":762,"column":24},"end":{"line":764,"column":null}}]},"121":{"loc":{"start":{"line":765,"column":24},"end":{"line":767,"column":null}},"type":"if","locations":[{"start":{"line":765,"column":24},"end":{"line":767,"column":null}},{"start":{"line":765,"column":24},"end":{"line":767,"column":null}}]},"122":{"loc":{"start":{"line":775,"column":19},"end":{"line":780,"column":null}},"type":"if","locations":[{"start":{"line":775,"column":19},"end":{"line":780,"column":null}},{"start":{"line":775,"
[...]
:{"name":"decToSignedBin32","decl":{"start":{"line":37,"column":16},"end":{"line":37,"column":32}},"loc":{"start":{"line":37,"column":43},"end":{"line":69,"column":1}}},"4":{"name":"decToUnsignedBin32","decl":{"start":{"line":77,"column":16},"end":{"line":77,"column":34}},"loc":{"start":{"line":77,"column":45},"end":{"line":98,"column":1}}},"5":{"name":"lengthDetect","decl":{"start":{"line":105,"column":16},"end":{"line":105,"column":28}},"loc":{"start":{"line":105,"column":42},"end":{"line":108,"column":1}}},"6":{"name":"bin2dec","decl":{"start":{"line":116,"column":16},"end":{"line":116,"column":23}},"loc":{"start":{"line":116,"column":53},"end":{"line":134,"column":1}}},"7":{"name":"binaryDetect","decl":{"start":{"line":139,"column":16},"end":{"line":139,"column":28}},"loc":{"start":{"line":139,"column":39},"end":{"line":146,"column":1}}},"8":{"name":"(anonymous_8)","decl":{"start":{"line":141,"column":8},"end":{"line":141,"column":11}},"loc":{"start":{"line":141,"column":14},"end":{"line":144,"column":9}}},"9":{"name":"bitsMapping","decl":{"start":{"line":155,"column":16},"end":{"line":155,"column":27}},"loc":{"start":{"line":155,"column":61},"end":{"line":159,"column":1}}},"10":{"name":"shiftLeftBinary32Bits","decl":{"start":{"line":166,"column":16},"end":{"line":166,"column":37}},"loc":{"start":{"line":166,"column":52},"end":{"line":168,"column":1}}}},"branchMap":{"0":{"loc":{"start":{"line":24,"column":8},"end":{"line":26,"column":null}},"type":"if","locations":[{"start":{"line":24,"column":8},"end":{"line":26,"column":null}},{"start":{"line":24,"column":8},"end":{"line":26,"column":null}}]},"1":{"loc":{"start":{"line":24,"column":12},"end":{"line":24,"column":20}},"type":"binary-expr","locations":[{"start":{"line":24,"column":12},"end":{"line":24,"column":20}},{"start":{"line":24,"column":24},"end":{"line":24,"column":31}}]},"2":{"loc":{"start":{"line":39,"column":4},"end":{"line":48,"column":null}},"type":"if","locations":[{"start":{"line":39,"column":4},"end":{"line":48,"column":null}},{"start":{"line":39,"column":4},"end":{"line":48,"column":null}}]},"3":{"loc":{"start":{"line":39,"column":8},"end":{"line":39,"column":16}},"type":"binary-expr","locations":[{"start":{"line":39,"column":8},"end":{"line":39,"column":16}},{"start":{"line":39,"column":20},"end":{"line":39,"column":30}}]},"4":{"loc":{"start":{"line":50,"column":4},"end":{"line":66,"column":null}},"type":"if","locations":[{"start":{"line":50,"column":4},"end":{"line":66,"column":null}},{"start":{"line":50,"column":4},"end":{"line":66,"column":null}}]},"5":{"loc":{"start":{"line":58,"column":12},"end":{"line":59,"column":22}},"type":"if","locations":[{"start":{"line":58,"column":12},"end":{"line":59,"column":22}},{"start":{"line":58,"column":12},"end":{"line":59,"column":22}}]},"6":{"loc":{"start":{"line":78,"column":4},"end":{"line":79,"column":60}},"type":"if","locations":[{"start":{"line":78,"column":4},"end":{"line":79,"column":60}},{"start":{"line":78,"column":4},"end":{"line":79,"column":60}}]},"7":{"loc":{"start":{"line":82,"column":4},"end":{"line":91,"column":null}},"type":"if","locations":[{"start":{"line":82,"column":4},"end":{"line":91,"column":null}},{"start":{"line":82,"column":4},"end":{"line":91,"column":null}}]},"8":{"loc":{"start":{"line":82,"column":8},"end":{"line":82,"column":16}},"type":"binary-expr","locations":[{"start":{"line":82,"column":8},"end":{"line":82,"column":16}},{"start":{"line":82,"column":20},"end":{"line":82,"column":30}}]},"9":{"loc":{"start":{"line":93,"column":4},"end":{"line":94,"column":37}},"type":"if","locations":[{"start":{"line":93,"column":4},"end":{"line":94,"column":37}},{"start":{"line":93,"column":4},"end":{"line":94,"column":37}}]},"10":{"loc":{"start":{"line":95,"column":4},"end":{"line":96,"column":21}},"type":"if","locations":[{"start":{"line":95,"column":4},"end":{"line":96,"column":21}},{"start":{"line":95,"column":4},"end":{"line":96,"column":21}}]},"11":{"loc":{"start":{"line":106,"column":4},"end":{"line":107,"column":56}},"type":"if","locations":[{"start":{"line":106,"column":4},"end":{"line":107,"column":56}},{"start":{"line":106,"column":4},"end":{"line":107,"column":56}}]},"12":{"loc":{"start":{"line":117,"column":4},"end":{"line":118,"column":56}},"type":"if","locations":[{"start":{"line":117,"column":4},"end":{"line":118,"column":56}},{"start":{"line":117,"column":4},"end":{"line":118,"column":56}}]},"13":{"loc":{"start":{"line":123,"column":4},"end":{"line":127,"column":null}},"type":"if","locations":[{"start":{"line":123,"column":4},"end":{"line":127,"column":null}},{"start":{"line":123,"column":4},"end":{"line":127,"column":null}}]},"14":{"loc":{"start":{"line":142,"column":12},"end":{"line":143,"column":72}},"type":"if","locations":[{"start":{"line":142,"column":12},"end":{"line":143,"column":72}},{"start":{"line":142,"column":12},"end":{"line":143,"column":72}}]},"15":{"loc":{"start":{"line":142,"column":16},"end":{"line":142,"column":24}},"type":"binary-expr","locations":[{"start":{"line":142,"column":16},"end":{"line":142,"column":24}},{"start":{"line":142,"column":28},"end":{"line":142,"column":36}}]}},"s":{"0":136240,"1":136240,"2":136240,"3":4155849,"4":136240,"5":4,"6":54509,"7":1707546,"8":1,"9":54508,"10":4,"11":1582,"12":1582,"13":0,"14":0,"15":0,"16":0,"17":0,"18":0,"19":0,"20":1582,"21":1480,"22":1480,"23":1480,"24":1480,"25":1480,"26":4220,"27":4220,"28":1480,"29":1480,"30":43140,"31":1480,"32":1480,"33":102,"34":102,"35":4,"36":547,"37":1,"38":546,"39":546,"40":12,"41":12,"42":12,"43":12,"44":12,"45":12,"46":12,"47":546,"48":461,"49":85,"50":85,"51":0,"52":4,"53":103,"54":1,"55":4,"56":2381,"57":0,"58":2381,"59":2381,"60":2381,"61":2176,"62":205,"63":2381,"64":2381,"65":73811,"66":2381,"67":4,"68":1519,"69":37446,"70":1,"71":4,"72":1719,"73":1719,"74":1719,"75":4,"76":405,"77":4},"f":{"0":136240,"1":54509,"2":1707546,"3":1582,"4":547,"5":103,"6":2381,"7":1519,"8":37446,"9":1719,"10":405},"b":{"0":[1,1707545],"1":[1707546,204694],"2":[0,1582],"3":[1582,655],"4":[1480,102],"5":[1480,2740],"6":[1,546],"7":[12,534],"8":[546,378],"9":[461,85],"10":[85,0],"11":[1,102],"12":[0,2381],"13":[2176,205],"14":[1,37445],"15":[37446,8086]}}
,"E:\\File\\learning\\Kiyan\\on-going\\MIPS\\GRP\\Hardware\\src\\Logic\\AND.ts": {"path":"E:\\File\\learning\\Kiyan\\on-going\\MIPS\\GRP\\Hardware\\src\\Logic\\AND.ts","statementMap":{"0":{"start":{"line":1,"column":0},"end":{"line":1,"column":27}},"1":{"start":{"line":2,"column":0},"end":{"line":2,"column":30}},"2":{"start":{"line":15,"column":8},"end":{"line":15,"column":35}},"3":{"start":{"line":16,"column":8},"end":{"line":16,"column":51}},"4":{"start":{"line":23,"column":24},"end":{"line":23,"column":53}},"5":{"start":{"line":24,"column":8},"end":{"line":24,"column":50}},"6":{"start":{"line":6,"column":0},"end":{"line":6,"column":13}}},"fnMap":{"0":{"name":"(anonymous_1)","decl":{"start":{"line":14,"column":4},"end":{"line":14,"column":16}},"loc":{"start":{"line":14,"column":49},"end":{"line":17,"column":5}}},"1":{"name":"(anonymous_2)","decl":{"start":{"line":22,"column":11},"end":{"line":22,"column":17}},"loc":{"start":{"line":22,"column":55},"end":{"line":25,"column":5}}}},"branchMap":{},"s":{"0":3,"1":3,"2":1543958,"3":1543958,"4":23069966,"5":23069966,"6":3},"f":{"0":1543958,"1":23069966},"b":{}}
,"E:\\File\\learning\\Kiyan\\on-going\\MIPS\\GRP\\Hardware\\src\\Logic\\AND32.ts": {"path":"E:\\File\\learning\\Kiyan\\on-going\\MIPS\\GRP\\Hardware\\src\\Logic\\AND32.ts","statementMap":{"0":{"start":{"line":1,"column":0},"end":{"line":1,"column":25}},"1":{"start":{"line":2,"column":0},"end":{"line":2,"column":73}},"2":{"start":{"line":29,"column":8},"end":{"line":29,"column":34}},"3":{"start":{"line":30,"column":8},"end":{"line":30,"column":34}},"4":{"start":{"line":31,"column":28},"end":{"line":31,"column":59}},"5":{"start":{"line":32,"column":28},"end":{"line":32,"column":59}},"6":{"start":{"line":33,"column":8},"end":{"line":33,"column":65}},"7":{"start":{"line":42,"column":31},"end":{"line":42,"column":33}},"8":{"start":{"line":43,"column":23},"end":{"line":43,"column":24}},"9":{"start":{"line":44,"column":8},"end":{"line":47,"column":11}},"10":{"start":{"line":45,"column":12},"end":{"line":45,"column":null}},"11":{"start":{"line":46,"column":12},"end":{"line":46,"column":16}},"12":{"start":{"line":48,"column":8},"end":{"line":48,"column":23}},"13":{"start":{"line":8,"column":0},"end":{"line":8,"column":13}}},"fnMap":{"0":{"name":"(anonymous_0)","decl":{"start":{"line":28,"column":4},"end":{"line":28,"column":16}},"loc":{"start":{"line":28,"column":49},"end":{"line":34,"column":5}}},"1":{"name":"(anonymous_1)","decl":{"start":{"line":41,"column":11},"end":{"line":41,"column":17}},"loc":{"start":{"line":41,"column":53},"end":{"line":49,"column":5}}},"2":{"name":"(anonymous_2)","decl":{"start":{"line":44,"column":22},"end":{"line":44,"column":23}},"loc":{"start":{"line":44,"column":29},"end":{"line":47,"column":9}}}},"branchMap":{},"s":{"0":2,"1":2,"2":2,"3":2,"4":2,"5":2,"6":2,"7":915,"8":915,"9":915,"10":29280,"11":29280,"12":915,"13":2},"f":{"0":2,"1":915,"2":29280},"b":{}}
,"E:\\File\\learning\\Kiyan\\on-going\\MIPS\\GRP\\Hardware\\src\\Logic\\Logic.ts": {"path":"E:\\File\\learning\\Kiyan\\on-going\\MIPS\\GRP\\Hardware\\src\\Logic\\Logic.ts","statementMap":{"0":{"start":{"line":26,"column":4},"end":{"line":26,"column":22}},"1":{"start":{"line":31,"column":8},"end":{"line":31,"column":30}},"2":{"start":{"line":32,"column":8},"end":{"line":32,"column":30}},"3":{"start":{"line":39,"column":23},"end":{"line":39,"column":35}},"4":{"start":{"line":40,"column":23},"end":{"line":40,"column":35}},"5":{"start":{"line":41,"column":23},"end":{"line":41,"column":37}},"6":{"start":{"line":42,"column":8},"end":{"line":42,"column":21}},"7":{"start":{"line":14,"column":0},"end":{"line":14,"column":13}},"8":{"start":{"line":47,"column":0},"end":{"line":47,"column":21}}},"fnMap":{"0":{"name":"(anonymous_0)","decl":{"start":{"line":30,"column":4},"end":{"line":30,"column":16}},"loc":{"start":{"line":30,"column":49},"end":{"line":33,"column":5}}},"1":{"name":"(anonymous_1)","decl":{"start":{"line":38,"column":11},"end":{"line":38,"column":25}},"loc":{"start":{"line":38,"column":25},"end":{"line":43,"column":5}}}},"branchMap":{},"s":{"0":105290302,"1":105290302,"2":105290302,"3":4,"4":4,"5":4,"6":4,"7":3,"8":3},"f":{"0":105290302,"1":4},"b":{}}
,"E:\\File\\learning\\Kiyan\\on-going\\MIPS\\GRP\\Hardware\\src\\Logic\\NAND.ts": {"path":"E:\\File\\learning\\Kiyan\\on-going\\MIPS\\GRP\\Hardware\\src\\Logic\\NAND.ts","statementMap":{"0":{"start":{"line":1,"column":0},"end":{"line":1,"column":27}},"1":{"start":{"line":17,"column":8},"end":{"line":17,"column":35}},"2":{"start":{"line":18,"column":8},"end":{"line":18,"column":53}},"3":{"start":{"line":25,"column":12},"end":{"line":25,"column":58}},"4":{"start":{"line":7,"column":0},"end":{"line":7,"column":13}}},"fnMap":{"0":{"name":"(anonymous_1)","decl":{"start":{"line":16,"column":4},"end":{"line":16,"column":16}},"loc":{"start":{"line":16,"column":49},"end":{"line":19,"column":5}}},"1":{"name":"(anonymous_2)","decl":{"start":{"line":24,"column":11},"end":{"line":24,"column":17}},"loc":{"start":{"line":24,"column":56},"end":{"line":26,"column":5}}}},"branchMap":{},"s":{"0":3,"1":102873234,"2":102873234,"3":148238251,"4":3},"f":{"0":102873234,"1":148238251},"b":{}}
,"E:\\File\\learning\\Kiyan\\on-going\\MIPS\\GRP\\Hardware\\src\\Logic\\NOT.ts": {"path":"E:\\File\\learning\\Kiyan\\on-going\\MIPS\\GRP\\Hardware\\src\\Logic\\NOT.ts","statementMap":{"0":{"start":{"line":1,"column":0},"end":{"line":1,"column":27}},"1":{"start":{"line":2,"column":0},"end":{"line":2,"column":30}},"2":{"start":{"line":14,"column":8},"end":{"line":14,"column":27}},"3":{"start":{"line":15,"column":8},"end":{"line":15,"column":41}},"4":{"start":{"line":22,"column":24},"end":{"line":22,"column":53}},"5":{"start":{"line":23,"column":8},"end":{"line":23,"column":27}},"6":{"start":{"line":6,"column":0},"end":{"line":6,"column":13}}},"fnMap":{"0":{"name":"(anonymous_1)","decl":{"start":{"line":13,"column":4},"end":{"line":13,"column":16}},"loc":{"start":{"line":13,"column":32},"end":{"line":16,"column":5}}},"1":{"name":"(anonymous_2)","decl":{"start":{"line":21,"column":11},"end":{"line":21,"column":17}},"loc":{"start":{"line":21,"column":38},"end":{"line":24,"column":5}}}},"branchMap":{},"s":{"0":3,"1":3,"2":772113,"3":772113,"4":35112181,"5":35112181,"6":3},"f":{"0":772113,"1":35112181},"b":{}}
,"E:\\File\\learning\\Kiyan\\on-going\\MIPS\\GRP\\Hardware\\src\\Logic\\NOT32.ts": {"path":"E:\\File\\learning\\Kiyan\\on-going\\MIPS\\GRP\\Hardware\\src\\Logic\\NOT32.ts","statementMap":{"0":{"start":{"line":1,"column":0},"end":{"line":1,"column":25}},"1":{"start":{"line":2,"column":0},"end":{"line":2,"column":73}},"2":{"start":{"line":24,"column":8},"end":{"line":24,"column":34}},"3":{"start":{"line":25,"column":28},"end":{"line":25,"column":59}},"4":{"start":{"line":26,"column":8},"end":{"line":26,"column":60}},"5":{"start":{"line":35,"column":31},"end":{"line":35,"column":33}},"6":{"start":{"line":36,"column":23},"end":{"line":36,"column":24}},"7":{"start":{"line":37,"column":8},"end":{"line":40,"column":11}},"8":{"start":{"line":38,"column":12},"end":{"line":38,"column":null}},"9":{"start":{"line":39,"column":12},"end":{"line":39,"column":16}},"10":{"start":{"line":41,"column":8},"end":{"line":41,"column":23}},"11":{"start":{"line":8,"column":0},"end":{"line":8,"column":13}}},"fnMap":{"0":{"name":"(anonymous_0)","decl":{"start":{"line":23,"column":4},"end":{"line":23,"column":16}},"loc":{"start":{"line":23,"column":32},"end":{"line":27,"column":5}}},"1":{"name":"(anonymous_1)","decl":{"start":{"line":34,"column":11},"end":{"line":34,"column":17}},"loc":{"start":{"line":34,"column":38},"end":{"line":42,"column":5}}},"2":{"name":"(anonymous_2)","decl":{"start":{"line":37,"column":22},"end":{"line":37,"column":23}},"loc":{"start":{"line":37,"column":29},"end":{"line":40,"column":9}}}},"branchMap":{},"s":{"0":2,"1":2,"2":2,"3":2,"4":2,"5":347,"6":347,"7":347,"8":11104,"9":11104,"10":347,"11":2},"f":{"0":2,"1":347,"2":11104},"b":{}}
,"E:\\File\\learning\\Kiyan\\on-going\\MIPS\\GRP\\Hardware\\src\\Logic\\OR.ts": {"path":"E:\\File\\learning\\Kiyan\\on-going\\MIPS\\GRP\\Hardware\\src\\Logic\\OR.ts","statementMap":{"0":{"start":{"line":1,"column":0},"end":{"line":1,"column":27}},"1":{"start":{"line":2,"column":0},"end":{"line":2,"column":30}},"2":{"start":{"line":17,"column":8},"end":{"line":17,"column":35}},"3":{"start":{"line":18,"column":8},"end":{"line":18,"column":49}},"4":{"start":{"line":25,"column":25},"end":{"line":25,"column":54}},"5":{"start":{"line":26,"column":25},"end":{"line":26,"column":54}},"6":{"start":{"line":27,"column":8},"end":{"line":27,"column":52}},"7":{"start":{"line":8,"column":0},"end":{"line":8,"column":13}}},"fnMap":{"0":{"name":"(anonymous_1)","decl":{"start":{"line":16,"column":4},"end":{"line":16,"column":16}},"loc":{"start":{"line":16,"column":49},"end":{"line":19,"column":5}}},"1":{"name":"(anonymous_2)","decl":{"start":{"line":24,"column":11},"end":{"line":24,"column":17}},"loc":{"start":{"line":24,"column":54},"end":{"line":28,"column":5}}}},"branchMap":{},"s":{"0":3,"1":3,"2":100993,"3":100993,"4":22295047,"5":22295047,"6":22295047,"7":3},"f":{"0":100993,"1":22295047},"b":{}}
,"E:\\File\\learning\\Kiyan\\on-going\\MIPS\\GRP\\Hardware\\src\\Logic\\OR32.ts": {"path":"E:\\File\\learning\\Kiyan\\on-going\\MIPS\\GRP\\Hardware\\src\\Logic\\OR32.ts","statementMap":{"0":{"start":{"line":1,"column":0},"end":{"line":1,"column":23}},"1":{"start":{"line":2,"column":0},"end":{"line":2,"column":73}},"2":{"start":{"line":29,"column":8},"end":{"line":29,"column":34}},"3":{"start":{"line":30,"column":8},"end":{"line":30,"column":34}},"4":{"start":{"line":31,"column":28},"end":{"line":31,"column":59}},"5":{"start":{"line":32,"column":28},"end":{"line":32,"column":59}},"6":{"start":{"line":33,"column":8},"end":{"line":33,"column":63}},"7":{"start":{"line":43,"column":31},"end":{"line":43,"column":33}},"8":{"start":{"line":44,"column":23},"end":{"line":44,"column":24}},"9":{"start":{"line":45,"column":8},"end":{"line":48,"column":11}},"10":{"start":{"line":46,"column":12},"end":{"line":46,"column":null}},"11":{"start":{"line":47,"column":12},"end":{"line":47,"column":16}},"12":{"start":{"line":49,"column":8},"end":{"line":49,"column":23}},"13":{"start":{"line":8,"column":0},"end":{"line":8,"column":13}}},"fnMap":{"0":{"name":"(anonymous_0)","decl":{"start":{"line":28,"column":4},"end":{"line":28,"column":16}},"loc":{"start":{"line":28,"column":49},"end":{"line":34,"column":5}}},"1":{"name":"(anonymous_1)","decl":{"start":{"line":42,"column":11},"end":{"line":42,"column":17}},"loc":{"start":{"line":42,"column":52},"end":{"line":50,"column":5}}},"2":{"name":"(anonymous_2)","decl":{"start":{"line":45,"column":22},"end":{"line":45,"column":23}},"loc":{"start":{"line":45,"column":29},"end":{"line":48,"column":9}}}},"branchMap":{},"s":{"0":2,"1":2,"2":2,"3":2,"4":2,"5":2,"6":2,"7":915,"8":915,"9":915,"10":29280,"11":29280,"12":915,"13":2},"f":{"0":2,"1":915,"2":29280},"b":{}}
,"E:\\File\\learning\\Kiyan\\on-going\\MIPS\\GRP\\Hardware\\src\\Logic\\OR32WAY.ts": {"path":"E:\\File\\learning\\Kiyan\\on-going\\MIPS\\GRP\\Hardware\\src\\Logic\\OR32WAY.ts","statementMap":{"0":{"start":{"line":1,"column":0},"end":{"line":1,"column":23}},"1":{"start":{"line":2,"column":0},"end":{"line":2,"column":73}},"2":{"start":{"line":26,"column":8},"end":{"line":26,"column":33}},"3":{"start":{"line":27,"column":28},"end":{"line":27,"column":58}},"4":{"start":{"line":28,"column":8},"end":{"line":28,"column":46}},"5":{"start":{"line":37,"column":28},"end":{"line":37,"column":29}},"6":{"start":{"line":38,"column":8},"end":{"line":40,"column":11}},"7":{"start":{"line":39,"column":12},"end":{"line":39,"column":39}},"8":{"start":{"line":41,"column":8},"end":{"line":41,"column":22}},"9":{"start":{"line":10,"column":0},"end":{"line":10,"column":13}}},"fnMap":{"0":{"name":"(anonymous_0)","decl":{"start":{"line":25,"column":4},"end":{"line":25,"column":16}},"loc":{"start":{"line":25,"column":32},"end":{"line":29,"column":5}}},"1":{"name":"(anonymous_1)","decl":{"start":{"line":36,"column":11},"end":{"line":36,"column":17}},"loc":{"start":{"line":36,"column":40},"end":{"line":42,"column":5}}},"2":{"name":"(anonymous_2)","decl":{"start":{"line":38,"column":22},"end":{"line":38,"column":23}},"loc":{"start":{"line":38,"column":29},"end":{"line":40,"column":9}}}},"branchMap":{},"s":{"0":1,"1":1,"2":2,"3":2,"4":2,"5":2,"6":2,"7":64,"8":2,"9":1},"f":{"0":2,"1":2,"2":64},"b":{}}
,"E:\\File\\learning\\Kiyan\\on-going\\MIPS\\GRP\\Hardware\\src\\Logic\\XOR.ts": {"path":"E:\\File\\learning\\Kiyan\\on-going\\MIPS\\GRP\\Hardware\\src\\Logic\\XOR.ts","statementMap":{"0":{"start":{"line":1,"column":0},"end":{"line":1,"column":27}},"1":{"start":{"line":2,"column":0},"end":{"line":2,"column":30}},"2":{"start":{"line":3,"column":0},"end":{"line":3,"column":23}},"3":{"start":{"line":4,"column":0},"end":{"line":4,"column":25}},"4":{"start":{"line":19,"column":8},"end":{"line":19,"column":35}},"5":{"start":{"line":20,"column":8},"end":{"line":20,"column":51}},"6":{"start":{"line":27,"column":24},"end":{"line":27,"column":53}},"7":{"start":{"line":28,"column":20},"end":{"line":28,"column":47}},"8":{"start":{"line":29,"column":8},"end":{"line":29,"column":46}},"9":{"start":{"line":10,"column":0},"end":{"line":10,"column":13}}},"fnMap":{"0":{"name":"(anonymous_1)","decl":{"start":{"line":18,"column":4},"end":{"line":18,"column":16}},"loc":{"start":{"line":18,"column":49},"end":{"line":21,"column":5}}},"1":{"name":"(anonymous_2)","decl":{"start":{"line":26,"column":11},"end":{"line":26,"column":17}},"loc":{"start":{"line":26,"column":55},"end":{"line":30,"column":5}}}},"branchMap":{},"s":{"0":2,"1":2,"2":2,"3":2,"4":0,"5":0,"6":100993,"7":100993,"8":100993,"9":2},"f":{"0":0,"1":100993},"b":{}}
}
